Aug 04, 2021 9:38:44 AM main.java.queries.UseQuery useDataBase
INFO: User: harit_patwa At the start of use query
Aug 04, 2021 9:38:45 AM main.java.queries.UseQuery useDataBase
INFO: Database status at the start of use query: {employee=3}

Aug 04, 2021 9:38:45 AM main.java.queries.UseQuery useDataBase
INFO: Database status at the end of use query: {employee=3}

Aug 04, 2021 9:38:45 AM main.java.queries.UseQuery useDataBase
INFO: User: harit_patwa
At the end of add for use query
Execution Time of query: 0 nanoseconds
Aug 04, 2021 9:38:45 AM main.java.logs.QueryLog setLogger
INFO: In Query log
Aug 04, 2021 9:38:45 AM main.java.QueryClass getQueries
INFO: User Name: harit_patwa
Query: use Database1;
Aug 04, 2021 9:45:59 AM main.java.queries.UseQuery useDataBase
INFO: User: harit_patwa At the start of use query
Aug 04, 2021 9:45:59 AM main.java.queries.UseQuery useDataBase
INFO: Database status at the start of use query: {employee=3}

Aug 04, 2021 9:45:59 AM main.java.queries.UseQuery useDataBase
INFO: Database status at the end of use query: {employee=3}

Aug 04, 2021 9:45:59 AM main.java.queries.UseQuery useDataBase
INFO: User: harit_patwa
At the end of add for use query
Execution Time of query: 0 nanoseconds
Aug 04, 2021 9:45:59 AM main.java.logs.QueryLog setLogger
INFO: In Query log
Aug 04, 2021 9:45:59 AM main.java.QueryClass getQueries
INFO: User Name: harit_patwa
Query: use Database1;
Aug 04, 2021 9:46:07 AM main.java.logs.QueryLog setLogger
INFO: In Query log
Aug 04, 2021 9:46:07 AM main.java.QueryClass getQueries
INFO: User Name: harit_patwa
Query: update employ3e set empId='100' where empName='Rahul';
Aug 04, 2021 9:52:44 AM main.java.queries.UseQuery useDataBase
INFO: User: harit_patwa At the start of use query
Aug 04, 2021 9:52:44 AM main.java.queries.UseQuery useDataBase
INFO: Database status at the start of use query: {employee=3}

Aug 04, 2021 9:52:44 AM main.java.queries.UseQuery useDataBase
INFO: Database status at the end of use query: {employee=3}

Aug 04, 2021 9:52:44 AM main.java.queries.UseQuery useDataBase
INFO: User: harit_patwa
At the end of add for use query
Execution Time of query: 0 nanoseconds
Aug 04, 2021 9:52:44 AM main.java.logs.QueryLog setLogger
INFO: In Query log
Aug 04, 2021 9:52:44 AM main.java.QueryClass getQueries
INFO: User Name: harit_patwa
Query: use Database1;
Aug 04, 2021 9:54:41 AM main.java.queries.UseQuery useDataBase
INFO: User: harit_patwa At the start of use query
Aug 04, 2021 9:54:41 AM main.java.queries.UseQuery useDataBase
INFO: Database status at the start of use query: {employee=3}

Aug 04, 2021 9:54:42 AM main.java.queries.UseQuery useDataBase
INFO: Database status at the end of use query: {employee=3}

Aug 04, 2021 9:54:42 AM main.java.queries.UseQuery useDataBase
INFO: User: harit_patwa
At the end of add for use query
Execution Time of query: 0 nanoseconds
Aug 04, 2021 9:54:42 AM main.java.logs.QueryLog setLogger
INFO: In Query log
Aug 04, 2021 9:54:42 AM main.java.QueryClass getQueries
INFO: User Name: harit_patwa
Query: use Database1;
Aug 04, 2021 9:55:28 AM main.java.logs.QueryLog setLogger
INFO: In Query log
Aug 04, 2021 9:55:28 AM main.java.QueryClass getQueries
INFO: User Name: harit_patwa
Query: update employee set emplId=10 where empName='Ebd';
Aug 04, 2021 10:11:53 AM main.java.queries.UseQuery useDataBase
INFO: User: harit_patwa At the start of use query
Aug 04, 2021 10:11:53 AM main.java.queries.UseQuery useDataBase
INFO: Database status at the start of use query: {employee=3}

Aug 04, 2021 10:11:53 AM main.java.queries.UseQuery useDataBase
INFO: Database status at the end of use query: {employee=3}

Aug 04, 2021 10:11:53 AM main.java.queries.UseQuery useDataBase
INFO: User: harit_patwa
At the end of add for use query
Execution Time of query: 0 nanoseconds
Aug 04, 2021 10:11:53 AM main.java.logs.QueryLog setLogger
INFO: In Query log
Aug 04, 2021 10:11:53 AM main.java.QueryClass getQueries
INFO: User Name: harit_patwa
Query: use Database1;
Aug 04, 2021 10:12:28 AM main.java.logs.QueryLog setLogger
INFO: In Query log
Aug 04, 2021 10:12:28 AM main.java.QueryClass getQueries
INFO: User Name: harit_patwa
Query: select empOp from employee;
Aug 04, 2021 10:13:36 AM main.java.logs.QueryLog setLogger
INFO: In Query log
Aug 04, 2021 10:13:36 AM main.java.QueryClass getQueries
INFO: User Name: harit_patwa
Query: select empId from employee;
Aug 04, 2021 10:16:18 AM main.java.queries.UseQuery useDataBase
INFO: User: harit_patwa At the start of use query
Aug 04, 2021 10:16:18 AM main.java.queries.UseQuery useDataBase
INFO: Database status at the start of use query: {employee=3}

Aug 04, 2021 10:16:18 AM main.java.queries.UseQuery useDataBase
INFO: Database status at the end of use query: {employee=3}

Aug 04, 2021 10:16:18 AM main.java.queries.UseQuery useDataBase
INFO: User: harit_patwa
At the end of add for use query
Execution Time of query: 0 nanoseconds
Aug 04, 2021 10:16:18 AM main.java.logs.QueryLog setLogger
INFO: In Query log
Aug 04, 2021 10:16:18 AM main.java.QueryClass getQueries
INFO: User Name: harit_patwa
Query: use Database1;
Aug 04, 2021 10:16:44 AM main.java.logs.QueryLog setLogger
INFO: In Query log
Aug 04, 2021 10:16:44 AM main.java.QueryClass getQueries
INFO: User Name: harit_patwa
Query: select empId from employee;
Aug 04, 2021 10:17:46 AM main.java.logs.QueryLog setLogger
INFO: In Query log
Aug 04, 2021 10:17:46 AM main.java.QueryClass getQueries
INFO: User Name: harit_patwa
Query: select * from employee where empTech='100';
Aug 04, 2021 10:21:30 AM main.java.queries.UseQuery useDataBase
INFO: User: harit_patwa At the start of use query
Aug 04, 2021 10:21:30 AM main.java.queries.UseQuery useDataBase
INFO: Database status at the start of use query: {employee=3}

Aug 04, 2021 10:21:30 AM main.java.queries.UseQuery useDataBase
INFO: Database status at the end of use query: {employee=3}

Aug 04, 2021 10:21:30 AM main.java.queries.UseQuery useDataBase
INFO: User: harit_patwa
At the end of add for use query
Execution Time of query: 980000 nanoseconds
Aug 04, 2021 10:21:30 AM main.java.logs.QueryLog setLogger
INFO: In Query log
Aug 04, 2021 10:21:30 AM main.java.QueryClass getQueries
INFO: User Name: harit_patwa
Query: use Database1;
Aug 04, 2021 10:21:35 AM main.java.logs.QueryLog setLogger
INFO: In Query log
Aug 04, 2021 10:21:35 AM main.java.QueryClass getQueries
INFO: User Name: harit_patwa
Query: select empId,empAddress from employee where empTech='100';
Aug 04, 2021 10:22:05 AM main.java.logs.QueryLog setLogger
INFO: In Query log
Aug 04, 2021 10:22:05 AM main.java.QueryClass getQueries
INFO: User Name: harit_patwa
Query: select empTech from employee;
Aug 04, 2021 10:22:28 AM main.java.logs.QueryLog setLogger
INFO: In Query log
Aug 04, 2021 10:22:28 AM main.java.QueryClass getQueries
INFO: User Name: harit_patwa
Query: select * from employee;
Aug 04, 2021 10:35:24 AM main.java.queries.UseQuery useDataBase
INFO: User: harit_patwa At the start of use query
Aug 04, 2021 10:35:24 AM main.java.queries.UseQuery useDataBase
INFO: Database status at the start of use query: {employee=3}

Aug 04, 2021 10:35:24 AM main.java.queries.UseQuery useDataBase
INFO: Database status at the end of use query: {employee=3}

Aug 04, 2021 10:35:24 AM main.java.queries.UseQuery useDataBase
INFO: User: harit_patwa
At the end of add for use query
Execution Time of query: 0 nanoseconds
Aug 04, 2021 10:35:24 AM main.java.logs.QueryLog setLogger
INFO: In Query log
Aug 04, 2021 10:35:24 AM main.java.QueryClass getQueries
INFO: User Name: harit_patwa
Query: use Database1;
Aug 04, 2021 10:36:31 AM main.java.logs.QueryLog setLogger
INFO: In Query log
Aug 04, 2021 10:36:31 AM main.java.QueryClass getQueries
INFO: User Name: harit_patwa
Query: update employee set empName='Harit1' where empName='Harit';
Aug 04, 2021 10:39:00 AM main.java.queries.UseQuery useDataBase
INFO: User: harit_patwa At the start of use query
Aug 04, 2021 10:39:00 AM main.java.queries.UseQuery useDataBase
INFO: Database status at the start of use query: {employee=3}

Aug 04, 2021 10:39:00 AM main.java.queries.UseQuery useDataBase
INFO: Database status at the end of use query: {employee=3}

Aug 04, 2021 10:39:00 AM main.java.queries.UseQuery useDataBase
INFO: User: harit_patwa
At the end of add for use query
Execution Time of query: 0 nanoseconds
Aug 04, 2021 10:39:00 AM main.java.logs.QueryLog setLogger
INFO: In Query log
Aug 04, 2021 10:39:00 AM main.java.QueryClass getQueries
INFO: User Name: harit_patwa
Query: use Database1;
Aug 04, 2021 10:40:15 AM main.java.logs.QueryLog setLogger
INFO: In Query log
Aug 04, 2021 10:40:15 AM main.java.QueryClass getQueries
INFO: User Name: harit_patwa
Query: update employee set empName='Harit1' where empName='Harit';
Aug 04, 2021 10:43:35 AM main.java.queries.UseQuery useDataBase
INFO: User: harit_patwa At the start of use query
Aug 04, 2021 10:43:35 AM main.java.queries.UseQuery useDataBase
INFO: Database status at the start of use query: {employee=3}

Aug 04, 2021 10:43:35 AM main.java.queries.UseQuery useDataBase
INFO: Database status at the end of use query: {employee=3}

Aug 04, 2021 10:43:35 AM main.java.queries.UseQuery useDataBase
INFO: User: harit_patwa
At the end of add for use query
Execution Time of query: 0 nanoseconds
Aug 04, 2021 10:43:35 AM main.java.logs.QueryLog setLogger
INFO: In Query log
Aug 04, 2021 10:43:35 AM main.java.QueryClass getQueries
INFO: User Name: harit_patwa
Query: use Database1;
Aug 04, 2021 10:43:53 AM main.java.queries.UpdateQuery update
INFO: User: harit_patwa Updating the columns for given condition
Aug 04, 2021 10:43:53 AM main.java.queries.UpdateQuery update
INFO: Database status at the start of update query: {employee=3}

Aug 04, 2021 10:43:53 AM main.java.queries.UpdateQuery update
INFO: Database status at the end of update query: {employee=3}

Aug 04, 2021 10:43:53 AM main.java.queries.UpdateQuery update
INFO: User: harit_patwa
At the end of add for update query
Execution Time of query: 8002400 nanoseconds
Aug 04, 2021 10:43:53 AM main.java.logs.QueryLog setLogger
INFO: In Query log
Aug 04, 2021 10:43:53 AM main.java.QueryClass getQueries
INFO: User Name: harit_patwa
Query: update employee set empName='Harit1' where empName='Harit';
Aug 04, 2021 10:44:13 AM main.java.logs.QueryLog setLogger
INFO: In Query log
Aug 04, 2021 10:44:13 AM main.java.QueryClass getQueries
INFO: User Name: harit_patwa
Query: select * from employee;
Aug 04, 2021 11:05:34 AM main.java.queries.UseQuery useDataBase
INFO: User: harit_patwa At the start of use query
Aug 04, 2021 11:05:34 AM main.java.queries.UseQuery useDataBase
INFO: Database status at the start of use query: {employee=3}

Aug 04, 2021 11:05:34 AM main.java.queries.UseQuery useDataBase
INFO: Database status at the end of use query: {employee=3}

Aug 04, 2021 11:05:34 AM main.java.queries.UseQuery useDataBase
INFO: User: harit_patwa
At the end of add for use query
Execution Time of query: 0 nanoseconds
Aug 04, 2021 11:05:34 AM main.java.logs.QueryLog setLogger
INFO: In Query log
Aug 04, 2021 11:05:34 AM main.java.QueryClass getQueries
INFO: User Name: harit_patwa
Query: use Database1;
Aug 04, 2021 11:05:54 AM main.java.queries.SelectQuery selectForAll
INFO: User: harit_patwa Select statement running displaying table 
Aug 04, 2021 11:05:54 AM main.java.queries.SelectQuery selectForAll
INFO: Database status at the start of SELECT query: {employee=3}

Aug 04, 2021 11:05:54 AM main.java.queries.SelectQuery selectForAll
INFO: Database status at the end of SELECT query: {employee=3}

Aug 04, 2021 11:05:54 AM main.java.queries.SelectQuery selectForAll
INFO: User: harit_patwa
At the end of add for SELECT query
Execution Time of query: 20000400 nanoseconds
Aug 04, 2021 11:05:54 AM main.java.logs.QueryLog setLogger
INFO: In Query log
Aug 04, 2021 11:05:54 AM main.java.QueryClass getQueries
INFO: User Name: harit_patwa
Query: select * from employee;
Aug 04, 2021 11:07:05 AM main.java.queries.SelectQuery showAllForCondition
INFO: User: harit_patwa Select statement running displaying table 
Aug 04, 2021 11:07:05 AM main.java.queries.SelectQuery showAllForCondition
INFO: Database status at the start of SELECT query: {employee=3}

Aug 04, 2021 11:07:05 AM main.java.queries.SelectQuery showAllForCondition
INFO: Database status at the end of SELECT query: {employee=3}

Aug 04, 2021 11:07:05 AM main.java.queries.SelectQuery showAllForCondition
INFO: User: harit_patwa
At the end of add for SELECT query
Execution Time of query: 5998500 nanoseconds
Aug 04, 2021 11:07:05 AM main.java.logs.QueryLog setLogger
INFO: In Query log
Aug 04, 2021 11:07:05 AM main.java.QueryClass getQueries
INFO: User Name: harit_patwa
Query: select * from employee where empName='Harit1';
Aug 04, 2021 11:07:15 AM main.java.queries.SelectQuery showForLimited
INFO: User: harit_patwa Select statement running displaying table 
Aug 04, 2021 11:07:15 AM main.java.queries.SelectQuery showForLimited
INFO: Database status at the start of SELECT query: {employee=3}

Aug 04, 2021 11:07:15 AM main.java.queries.SelectQuery showForLimited
INFO: Database status at the end of SELECT query: {employee=3}

Aug 04, 2021 11:07:15 AM main.java.queries.SelectQuery showForLimited
INFO: User: harit_patwa
At the end of add for SELECT query
Execution Time of query: 5998500 nanoseconds
Aug 04, 2021 11:07:15 AM main.java.logs.QueryLog setLogger
INFO: In Query log
Aug 04, 2021 11:07:15 AM main.java.QueryClass getQueries
INFO: User Name: harit_patwa
Query: select empName from employee;
Aug 04, 2021 11:07:30 AM main.java.queries.SelectQuery showForColumnsForCondition
INFO: User: harit_patwa Select statement running displaying table 
Aug 04, 2021 11:07:30 AM main.java.queries.SelectQuery showForColumnsForCondition
INFO: Database status at the start of SELECT query: {employee=3}

Aug 04, 2021 11:07:30 AM main.java.queries.SelectQuery showForColumnsForCondition
INFO: Database status at the end of SELECT query: {employee=3}

Aug 04, 2021 11:07:30 AM main.java.queries.SelectQuery showForColumnsForCondition
INFO: User: harit_patwa
At the end of add for SELECT query
Execution Time of query: 4004000 nanoseconds
Aug 04, 2021 11:07:30 AM main.java.logs.QueryLog setLogger
INFO: In Query log
Aug 04, 2021 11:07:30 AM main.java.QueryClass getQueries
INFO: User Name: harit_patwa
Query: select empName,empId from employee where empName='Dhruv';
Aug 04, 2021 11:07:49 AM main.java.logs.QueryLog setLogger
INFO: In Query log
Aug 04, 2021 11:07:49 AM main.java.QueryClass getQueries
INFO: User Name: harit_patwa
Query: 11;
Aug 04, 2021 11:07:56 AM main.java.queries.SelectQuery showAllForCondition
INFO: User: harit_patwa Select statement running displaying table 
Aug 04, 2021 11:07:56 AM main.java.queries.SelectQuery showAllForCondition
INFO: Database status at the start of SELECT query: {employee=3}

Aug 04, 2021 11:07:56 AM main.java.queries.SelectQuery showAllForCondition
INFO: Database status at the end of SELECT query: {employee=3}

Aug 04, 2021 11:07:56 AM main.java.queries.SelectQuery showAllForCondition
INFO: User: harit_patwa
At the end of add for SELECT query
Execution Time of query: 6997600 nanoseconds
Aug 04, 2021 11:07:56 AM main.java.logs.QueryLog setLogger
INFO: In Query log
Aug 04, 2021 11:07:56 AM main.java.QueryClass getQueries
INFO: User Name: harit_patwa
Query: select * from employee where empSalary<135;
Aug 04, 2021 11:12:50 AM main.java.queries.UseQuery useDataBase
INFO: User: harit_patwa At the start of use query
Aug 04, 2021 11:12:50 AM main.java.queries.UseQuery useDataBase
INFO: Database status at the start of use query: {employee=3}

Aug 04, 2021 11:12:51 AM main.java.queries.UseQuery useDataBase
INFO: Database status at the end of use query: {employee=3}

Aug 04, 2021 11:12:51 AM main.java.queries.UseQuery useDataBase
INFO: User: harit_patwa
At the end of add for use query
Execution Time of query: 0 nanoseconds
Aug 04, 2021 11:12:51 AM main.java.logs.QueryLog setLogger
INFO: In Query log
Aug 04, 2021 11:12:51 AM main.java.QueryClass getQueries
INFO: User Name: harit_patwa
Query: use Database1;
Aug 04, 2021 11:13:06 AM main.java.queries.SelectQuery selectForAll
INFO: User: harit_patwa Select statement running displaying table 
Aug 04, 2021 11:13:06 AM main.java.queries.SelectQuery selectForAll
INFO: Database status at the start of SELECT query: {employee=3}

Aug 04, 2021 11:13:06 AM main.java.queries.SelectQuery selectForAll
INFO: Database status at the end of SELECT query: {employee=3}

Aug 04, 2021 11:13:06 AM main.java.queries.SelectQuery selectForAll
INFO: User: harit_patwa
At the end of add for SELECT query
Execution Time of query: 3906000 nanoseconds
Aug 04, 2021 11:13:06 AM main.java.logs.QueryLog setLogger
INFO: In Query log
Aug 04, 2021 11:13:06 AM main.java.QueryClass getQueries
INFO: User Name: harit_patwa
Query: select * from employee;
Aug 04, 2021 11:13:31 AM main.java.queries.SelectQuery showAllForCondition
INFO: User: harit_patwa Select statement running displaying table 
Aug 04, 2021 11:13:31 AM main.java.queries.SelectQuery showAllForCondition
INFO: Database status at the start of SELECT query: {employee=3}

Aug 04, 2021 11:13:31 AM main.java.queries.SelectQuery showAllForCondition
INFO: Database status at the end of SELECT query: {employee=3}

Aug 04, 2021 11:13:31 AM main.java.queries.SelectQuery showAllForCondition
INFO: User: harit_patwa
At the end of add for SELECT query
Execution Time of query: 5000100 nanoseconds
Aug 04, 2021 11:13:31 AM main.java.logs.QueryLog setLogger
INFO: In Query log
Aug 04, 2021 11:13:31 AM main.java.QueryClass getQueries
INFO: User Name: harit_patwa
Query: select * from employee where empName='Harit1';
Aug 04, 2021 11:13:50 AM main.java.queries.SelectQuery showForLimited
INFO: User: harit_patwa Select statement running displaying table 
Aug 04, 2021 11:13:50 AM main.java.queries.SelectQuery showForLimited
INFO: Database status at the start of SELECT query: {employee=3}

Aug 04, 2021 11:13:50 AM main.java.queries.SelectQuery showForLimited
INFO: Database status at the end of SELECT query: {employee=3}

Aug 04, 2021 11:13:50 AM main.java.queries.SelectQuery showForLimited
INFO: User: harit_patwa
At the end of add for SELECT query
Execution Time of query: 3999100 nanoseconds
Aug 04, 2021 11:13:50 AM main.java.logs.QueryLog setLogger
INFO: In Query log
Aug 04, 2021 11:13:50 AM main.java.QueryClass getQueries
INFO: User Name: harit_patwa
Query: select empName from employee;
Aug 04, 2021 11:14:08 AM main.java.queries.SelectQuery showForColumnsForCondition
INFO: User: harit_patwa Select statement running displaying table 
Aug 04, 2021 11:14:08 AM main.java.queries.SelectQuery showForColumnsForCondition
INFO: Database status at the start of SELECT query: {employee=3}

Aug 04, 2021 11:14:09 AM main.java.queries.SelectQuery showForColumnsForCondition
INFO: Database status at the end of SELECT query: {employee=3}

Aug 04, 2021 11:14:09 AM main.java.queries.SelectQuery showForColumnsForCondition
INFO: User: harit_patwa
At the end of add for SELECT query
Execution Time of query: 3236800 nanoseconds
Aug 04, 2021 11:14:09 AM main.java.logs.QueryLog setLogger
INFO: In Query log
Aug 04, 2021 11:14:09 AM main.java.QueryClass getQueries
INFO: User Name: harit_patwa
Query: select empName,empId from employee where empName='Dhruv';
Aug 04, 2021 11:14:34 AM main.java.queries.SelectQuery showAllForCondition
INFO: User: harit_patwa Select statement running displaying table 
Aug 04, 2021 11:14:34 AM main.java.queries.SelectQuery showAllForCondition
INFO: Database status at the start of SELECT query: {employee=3}

Aug 04, 2021 11:14:34 AM main.java.queries.SelectQuery showAllForCondition
INFO: Database status at the end of SELECT query: {employee=3}

Aug 04, 2021 11:14:34 AM main.java.queries.SelectQuery showAllForCondition
INFO: User: harit_patwa
At the end of add for SELECT query
Execution Time of query: 4001000 nanoseconds
Aug 04, 2021 11:14:34 AM main.java.logs.QueryLog setLogger
INFO: In Query log
Aug 04, 2021 11:14:34 AM main.java.QueryClass getQueries
INFO: User Name: harit_patwa
Query: select * from employee where empSalary<135;
Aug 04, 2021 11:31:36 AM main.java.queries.UseQuery useDataBase
INFO: User: harit_patwa At the start of use query
Aug 04, 2021 11:31:36 AM main.java.queries.UseQuery useDataBase
INFO: Database status at the start of use query: {employee=3}

Aug 04, 2021 11:31:36 AM main.java.queries.UseQuery useDataBase
INFO: Database status at the end of use query: {employee=3}

Aug 04, 2021 11:31:36 AM main.java.queries.UseQuery useDataBase
INFO: User: harit_patwa
At the end of add for use query
Execution Time of query: 0 nanoseconds
Aug 04, 2021 11:31:36 AM main.java.logs.QueryLog setLogger
INFO: In Query log
Aug 04, 2021 11:31:36 AM main.java.QueryClass getQueries
INFO: User Name: harit_patwa
Query: use Database1;
Aug 04, 2021 11:31:51 AM main.java.queries.CreateQuery createTable
INFO: User: harit_patwa At the start of create table for create query
Aug 04, 2021 11:31:51 AM main.java.queries.CreateQuery createTable
INFO: Database status at the start of create query: {employee=3}

Aug 04, 2021 11:31:51 AM main.java.queries.CreateQuery createTable
INFO: Database status at the end of create query: {employee=3}

Aug 04, 2021 11:31:51 AM main.java.queries.CreateQuery createTable
INFO: User: harit_patwa
At the end of add for create query
Execution Time of query: 10329400 nanoseconds
Aug 04, 2021 11:31:51 AM main.java.logs.QueryLog setLogger
INFO: In Query log
Aug 04, 2021 11:31:51 AM main.java.QueryClass getQueries
INFO: User Name: harit_patwa
Query: CREATE TABLE employees (    empName varchar(255),    empAddress varchar(255),    empId varchar(255),    empSalary int,    empIsVaccinated boolean);
Aug 04, 2021 11:33:08 AM main.java.queries.InsertQuery insert
INFO: User: harit_patwa At the start of insert query
Aug 04, 2021 11:33:08 AM main.java.queries.InsertQuery insert
INFO: Database status at the start of insert query: {employee=3, employees=0}

Aug 04, 2021 11:33:08 AM main.java.logs.QueryLog setLogger
INFO: In Query log
Aug 04, 2021 11:33:08 AM main.java.QueryClass getQueries
INFO: User Name: harit_patwa
Query: INSERT INTO Customers (empName, empAddress, empId, empSalary, empIsVaccinated)VALUES ('Employee1', 'Address1', 'ep1', 131, true);
Aug 04, 2021 11:34:01 AM main.java.queries.InsertQuery insert
INFO: User: harit_patwa At the start of insert query
Aug 04, 2021 11:34:01 AM main.java.queries.InsertQuery insert
INFO: Database status at the start of insert query: {employee=3, employees=0}

Aug 04, 2021 11:34:01 AM main.java.queries.InsertQuery insert
INFO: Database status at the end of insert query: {employee=3, employees=0}

Aug 04, 2021 11:34:01 AM main.java.queries.InsertQuery insert
INFO: User: harit_patwa
At the end of add for insert query
Execution Time of query: 24999300 nanoseconds
Aug 04, 2021 11:34:01 AM main.java.logs.QueryLog setLogger
INFO: In Query log
Aug 04, 2021 11:34:01 AM main.java.QueryClass getQueries
INFO: User Name: harit_patwa
Query: INSERT INTO employees(empName, empAddress, empId, empSalary, empIsVaccinated)VALUES ('Employee1', 'Address1', 'ep1', 131, true);
Aug 04, 2021 11:34:49 AM main.java.queries.InsertQuery insert
INFO: User: harit_patwa At the start of insert query
Aug 04, 2021 11:34:49 AM main.java.queries.InsertQuery insert
INFO: Database status at the start of insert query: {employee=3, employees=5}

Aug 04, 2021 11:34:49 AM main.java.queries.InsertQuery insert
INFO: Database status at the end of insert query: {employee=3, employees=5}

Aug 04, 2021 11:34:49 AM main.java.queries.InsertQuery insert
INFO: User: harit_patwa
At the end of add for insert query
Execution Time of query: 17409500 nanoseconds
Aug 04, 2021 11:34:49 AM main.java.logs.QueryLog setLogger
INFO: In Query log
Aug 04, 2021 11:34:49 AM main.java.QueryClass getQueries
INFO: User Name: harit_patwa
Query: INSERT INTO employees(empName, empAddress, empId, empSalary, empIsVaccinated)VALUES ('Employee2', 'Address2', 'ep2', 132, true);
Aug 04, 2021 11:35:04 AM main.java.queries.InsertQuery insert
INFO: User: harit_patwa At the start of insert query
Aug 04, 2021 11:35:04 AM main.java.queries.InsertQuery insert
INFO: Database status at the start of insert query: {employee=3, employees=5}

Aug 04, 2021 11:35:04 AM main.java.queries.InsertQuery insert
INFO: Database status at the end of insert query: {employee=3, employees=5}

Aug 04, 2021 11:35:04 AM main.java.queries.InsertQuery insert
INFO: User: harit_patwa
At the end of add for insert query
Execution Time of query: 13997700 nanoseconds
Aug 04, 2021 11:35:04 AM main.java.logs.QueryLog setLogger
INFO: In Query log
Aug 04, 2021 11:35:04 AM main.java.QueryClass getQueries
INFO: User Name: harit_patwa
Query: INSERT INTO employees(empName, empAddress, empId, empSalary, empIsVaccinated)VALUES ('Employee3', 'Address3', 'ep3', 133, true);
Aug 04, 2021 11:38:24 AM main.java.queries.SelectQuery selectForAll
INFO: User: harit_patwa Select statement running displaying table 
Aug 04, 2021 11:38:24 AM main.java.queries.SelectQuery selectForAll
INFO: Database status at the start of SELECT query: {employee=3, employees=5}

Aug 04, 2021 11:38:24 AM main.java.queries.SelectQuery selectForAll
INFO: Database status at the end of SELECT query: {employee=3, employees=5}

Aug 04, 2021 11:38:24 AM main.java.queries.SelectQuery selectForAll
INFO: User: harit_patwa
At the end of add for SELECT query
Execution Time of query: 2481300 nanoseconds
Aug 04, 2021 11:38:24 AM main.java.logs.QueryLog setLogger
INFO: In Query log
Aug 04, 2021 11:38:24 AM main.java.QueryClass getQueries
INFO: User Name: harit_patwa
Query: select * from employees;
Aug 04, 2021 11:39:24 AM main.java.queries.SelectQuery showAllForCondition
INFO: User: harit_patwa Select statement running displaying table 
Aug 04, 2021 11:39:24 AM main.java.queries.SelectQuery showAllForCondition
INFO: Database status at the start of SELECT query: {employee=3, employees=5}

Aug 04, 2021 11:39:24 AM main.java.queries.SelectQuery showAllForCondition
INFO: Database status at the end of SELECT query: {employee=3, employees=5}

Aug 04, 2021 11:39:24 AM main.java.queries.SelectQuery showAllForCondition
INFO: User: harit_patwa
At the end of add for SELECT query
Execution Time of query: 2998700 nanoseconds
Aug 04, 2021 11:39:24 AM main.java.logs.QueryLog setLogger
INFO: In Query log
Aug 04, 2021 11:39:24 AM main.java.QueryClass getQueries
INFO: User Name: harit_patwa
Query: select * from employees where empName='Employee1';
Aug 04, 2021 11:42:29 AM main.java.queries.SelectQuery showForLimited
INFO: User: harit_patwa Select statement running displaying table 
Aug 04, 2021 11:42:29 AM main.java.queries.SelectQuery showForLimited
INFO: Database status at the start of SELECT query: {employee=3, employees=5}

Aug 04, 2021 11:42:29 AM main.java.queries.SelectQuery showForLimited
INFO: Database status at the end of SELECT query: {employee=3, employees=5}

Aug 04, 2021 11:42:29 AM main.java.queries.SelectQuery showForLimited
INFO: User: harit_patwa
At the end of add for SELECT query
Execution Time of query: 2359900 nanoseconds
Aug 04, 2021 11:42:29 AM main.java.logs.QueryLog setLogger
INFO: In Query log
Aug 04, 2021 11:42:29 AM main.java.QueryClass getQueries
INFO: User Name: harit_patwa
Query: select empName from employees;
Aug 04, 2021 11:42:55 AM main.java.logs.QueryLog setLogger
INFO: In Query log
Aug 04, 2021 11:42:55 AM main.java.QueryClass getQueries
INFO: User Name: harit_patwa
Query: 1;
Aug 04, 2021 11:42:59 AM main.java.queries.SelectQuery showForColumnsForCondition
INFO: User: harit_patwa Select statement running displaying table 
Aug 04, 2021 11:42:59 AM main.java.queries.SelectQuery showForColumnsForCondition
INFO: Database status at the start of SELECT query: {employee=3, employees=5}

Aug 04, 2021 11:42:59 AM main.java.queries.SelectQuery showForColumnsForCondition
INFO: Database status at the end of SELECT query: {employee=3, employees=5}

Aug 04, 2021 11:42:59 AM main.java.queries.SelectQuery showForColumnsForCondition
INFO: User: harit_patwa
At the end of add for SELECT query
Execution Time of query: 2840700 nanoseconds
Aug 04, 2021 11:42:59 AM main.java.logs.QueryLog setLogger
INFO: In Query log
Aug 04, 2021 11:42:59 AM main.java.QueryClass getQueries
INFO: User Name: harit_patwa
Query: select empName,empId from employee where empName='Employee1';
Aug 04, 2021 11:43:36 AM main.java.queries.SelectQuery showAllForCondition
INFO: User: harit_patwa Select statement running displaying table 
Aug 04, 2021 11:43:36 AM main.java.queries.SelectQuery showAllForCondition
INFO: Database status at the start of SELECT query: {employee=3, employees=5}

Aug 04, 2021 11:43:36 AM main.java.queries.SelectQuery showAllForCondition
INFO: Database status at the end of SELECT query: {employee=3, employees=5}

Aug 04, 2021 11:43:36 AM main.java.queries.SelectQuery showAllForCondition
INFO: User: harit_patwa
At the end of add for SELECT query
Execution Time of query: 2855300 nanoseconds
Aug 04, 2021 11:43:36 AM main.java.logs.QueryLog setLogger
INFO: In Query log
Aug 04, 2021 11:43:36 AM main.java.QueryClass getQueries
INFO: User Name: harit_patwa
Query: select * from employee where empSalary<133;
Aug 04, 2021 11:44:07 AM main.java.queries.SelectQuery showAllForCondition
INFO: User: harit_patwa Select statement running displaying table 
Aug 04, 2021 11:44:07 AM main.java.queries.SelectQuery showAllForCondition
INFO: Database status at the start of SELECT query: {employee=3, employees=5}

Aug 04, 2021 11:44:07 AM main.java.queries.SelectQuery showAllForCondition
INFO: Database status at the end of SELECT query: {employee=3, employees=5}

Aug 04, 2021 11:44:07 AM main.java.queries.SelectQuery showAllForCondition
INFO: User: harit_patwa
At the end of add for SELECT query
Execution Time of query: 3011700 nanoseconds
Aug 04, 2021 11:44:07 AM main.java.logs.QueryLog setLogger
INFO: In Query log
Aug 04, 2021 11:44:07 AM main.java.QueryClass getQueries
INFO: User Name: harit_patwa
Query: select * from employees where empSalary<133;
Aug 04, 2021 11:44:37 AM main.java.logs.QueryLog setLogger
INFO: In Query log
Aug 04, 2021 11:44:37 AM main.java.QueryClass getQueries
INFO: User Name: harit_patwa
Query: 1;
Aug 04, 2021 11:44:43 AM main.java.queries.SelectQuery showForColumnsForCondition
INFO: User: harit_patwa Select statement running displaying table 
Aug 04, 2021 11:44:43 AM main.java.queries.SelectQuery showForColumnsForCondition
INFO: Database status at the start of SELECT query: {employee=3, employees=5}

Aug 04, 2021 11:44:43 AM main.java.queries.SelectQuery showForColumnsForCondition
INFO: Database status at the end of SELECT query: {employee=3, employees=5}

Aug 04, 2021 11:44:43 AM main.java.queries.SelectQuery showForColumnsForCondition
INFO: User: harit_patwa
At the end of add for SELECT query
Execution Time of query: 1990600 nanoseconds
Aug 04, 2021 11:44:43 AM main.java.logs.QueryLog setLogger
INFO: In Query log
Aug 04, 2021 11:44:43 AM main.java.QueryClass getQueries
INFO: User Name: harit_patwa
Query: select empName,empId from employee where empName='Employee1';
Aug 04, 2021 11:45:39 AM main.java.queries.SelectQuery showForLimited
INFO: User: harit_patwa Select statement running displaying table 
Aug 04, 2021 11:45:39 AM main.java.queries.SelectQuery showForLimited
INFO: Database status at the start of SELECT query: {employee=3, employees=5}

Aug 04, 2021 11:45:39 AM main.java.queries.SelectQuery showForLimited
INFO: Database status at the end of SELECT query: {employee=3, employees=5}

Aug 04, 2021 11:45:39 AM main.java.queries.SelectQuery showForLimited
INFO: User: harit_patwa
At the end of add for SELECT query
Execution Time of query: 2000000 nanoseconds
Aug 04, 2021 11:45:39 AM main.java.logs.QueryLog setLogger
INFO: In Query log
Aug 04, 2021 11:45:39 AM main.java.QueryClass getQueries
INFO: User Name: harit_patwa
Query: select empName from employees;
Aug 04, 2021 11:46:25 AM main.java.logs.QueryLog setLogger
INFO: In Query log
Aug 04, 2021 11:46:25 AM main.java.QueryClass getQueries
INFO: User Name: harit_patwa
Query: select * from employees where empName=''Employee1'';
Aug 04, 2021 11:46:42 AM main.java.logs.QueryLog setLogger
INFO: In Query log
Aug 04, 2021 11:46:42 AM main.java.QueryClass getQueries
INFO: User Name: harit_patwa
Query: select * from employees where empName=''Employee1'';
Aug 04, 2021 11:50:42 AM main.java.queries.UseQuery useDataBase
INFO: User: harit_patwa At the start of use query
Aug 04, 2021 11:50:42 AM main.java.queries.UseQuery useDataBase
INFO: Database status at the start of use query: {employee=3, employees=5}

Aug 04, 2021 11:50:42 AM main.java.queries.UseQuery useDataBase
INFO: Database status at the end of use query: {employee=3, employees=5}

Aug 04, 2021 11:50:42 AM main.java.queries.UseQuery useDataBase
INFO: User: harit_patwa
At the end of add for use query
Execution Time of query: 0 nanoseconds
Aug 04, 2021 11:50:42 AM main.java.logs.QueryLog setLogger
INFO: In Query log
Aug 04, 2021 11:50:42 AM main.java.QueryClass getQueries
INFO: User Name: harit_patwa
Query: use Database1;
Aug 04, 2021 11:51:07 AM main.java.queries.SelectQuery showAllForCondition
INFO: User: harit_patwa Select statement running displaying table 
Aug 04, 2021 11:51:07 AM main.java.queries.SelectQuery showAllForCondition
INFO: Database status at the start of SELECT query: {employee=3, employees=5}

Aug 04, 2021 11:51:07 AM main.java.queries.SelectQuery showAllForCondition
INFO: Database status at the end of SELECT query: {employee=3, employees=5}

Aug 04, 2021 11:51:07 AM main.java.queries.SelectQuery showAllForCondition
INFO: User: harit_patwa
At the end of add for SELECT query
Execution Time of query: 3981800 nanoseconds
Aug 04, 2021 11:51:07 AM main.java.logs.QueryLog setLogger
INFO: In Query log
Aug 04, 2021 11:51:07 AM main.java.QueryClass getQueries
INFO: User Name: harit_patwa
Query: select * from employees where empName='Employee1';
Aug 04, 2021 11:51:34 AM main.java.queries.SelectQuery showForColumnsForCondition
INFO: User: harit_patwa Select statement running displaying table 
Aug 04, 2021 11:51:34 AM main.java.queries.SelectQuery showForColumnsForCondition
INFO: Database status at the start of SELECT query: {employee=3, employees=5}

Aug 04, 2021 11:51:34 AM main.java.queries.SelectQuery showForColumnsForCondition
INFO: Database status at the end of SELECT query: {employee=3, employees=5}

Aug 04, 2021 11:51:34 AM main.java.queries.SelectQuery showForColumnsForCondition
INFO: User: harit_patwa
At the end of add for SELECT query
Execution Time of query: 3001600 nanoseconds
Aug 04, 2021 11:51:34 AM main.java.logs.QueryLog setLogger
INFO: In Query log
Aug 04, 2021 11:51:34 AM main.java.QueryClass getQueries
INFO: User Name: harit_patwa
Query: select empName,empId from employee where empName='Employee1';
Aug 04, 2021 11:52:09 AM main.java.queries.SelectQuery showForColumnsForCondition
INFO: User: harit_patwa Select statement running displaying table 
Aug 04, 2021 11:52:09 AM main.java.queries.SelectQuery showForColumnsForCondition
INFO: Database status at the start of SELECT query: {employee=3, employees=5}

Aug 04, 2021 11:52:09 AM main.java.queries.SelectQuery showForColumnsForCondition
INFO: Database status at the end of SELECT query: {employee=3, employees=5}

Aug 04, 2021 11:52:09 AM main.java.queries.SelectQuery showForColumnsForCondition
INFO: User: harit_patwa
At the end of add for SELECT query
Execution Time of query: 3032800 nanoseconds
Aug 04, 2021 11:52:09 AM main.java.logs.QueryLog setLogger
INFO: In Query log
Aug 04, 2021 11:52:09 AM main.java.QueryClass getQueries
INFO: User Name: harit_patwa
Query: select empName,empId from employees where empName='Employee1';
Aug 04, 2021 11:54:04 AM main.java.queries.UseQuery useDataBase
INFO: User: harit_patwa At the start of use query
Aug 04, 2021 11:54:04 AM main.java.queries.UseQuery useDataBase
INFO: Database status at the start of use query: {employee=3, employees=5}

Aug 04, 2021 11:54:04 AM main.java.queries.UseQuery useDataBase
INFO: Database status at the end of use query: {employee=3, employees=5}

Aug 04, 2021 11:54:04 AM main.java.queries.UseQuery useDataBase
INFO: User: harit_patwa
At the end of add for use query
Execution Time of query: 0 nanoseconds
Aug 04, 2021 11:54:04 AM main.java.logs.QueryLog setLogger
INFO: In Query log
Aug 04, 2021 11:54:04 AM main.java.QueryClass getQueries
INFO: User Name: harit_patwa
Query: use Database1;
Aug 04, 2021 11:54:22 AM main.java.queries.UpdateQuery update
INFO: User: harit_patwa Updating the columns for given condition
Aug 04, 2021 11:54:22 AM main.java.queries.UpdateQuery update
INFO: Database status at the start of update query: {employee=3, employees=5}

Aug 04, 2021 11:54:22 AM main.java.queries.UpdateQuery update
INFO: Database status at the end of update query: {employee=3, employees=5}

Aug 04, 2021 11:54:22 AM main.java.queries.UpdateQuery update
INFO: User: harit_patwa
At the end of add for update query
Execution Time of query: 9001200 nanoseconds
Aug 04, 2021 11:54:22 AM main.java.logs.QueryLog setLogger
INFO: In Query log
Aug 04, 2021 11:54:22 AM main.java.QueryClass getQueries
INFO: User Name: harit_patwa
Query: update employees set empName='Harit1' where empName='Employee1';
Aug 04, 2021 11:54:39 AM main.java.queries.SelectQuery selectForAll
INFO: User: harit_patwa Select statement running displaying table 
Aug 04, 2021 11:54:39 AM main.java.queries.SelectQuery selectForAll
INFO: Database status at the start of SELECT query: {employee=3, employees=5}

Aug 04, 2021 11:54:39 AM main.java.queries.SelectQuery selectForAll
INFO: Database status at the end of SELECT query: {employee=3, employees=5}

Aug 04, 2021 11:54:39 AM main.java.queries.SelectQuery selectForAll
INFO: User: harit_patwa
At the end of add for SELECT query
Execution Time of query: 4000600 nanoseconds
Aug 04, 2021 11:54:39 AM main.java.logs.QueryLog setLogger
INFO: In Query log
Aug 04, 2021 11:54:39 AM main.java.QueryClass getQueries
INFO: User Name: harit_patwa
Query: select * from employees;
Aug 05, 2021 1:42:35 AM main.java.queries.UseQuery useDataBase
INFO: User: harit_patwa At the start of use query
Aug 05, 2021 1:42:35 AM main.java.queries.UseQuery useDataBase
INFO: Database status at the start of use query: {Persons=0}

Aug 05, 2021 1:42:35 AM main.java.queries.UseQuery useDataBase
INFO: Database status at the end of use query: {Persons=0}

Aug 05, 2021 1:42:35 AM main.java.queries.UseQuery useDataBase
INFO: User: harit_patwa
At the end of add for use query
Execution Time of query: 0 nanoseconds
Aug 05, 2021 1:42:35 AM main.java.logs.QueryLog setLogger
INFO: In Query log
Aug 05, 2021 1:42:35 AM main.java.QueryClass getQueries
INFO: User Name: harit_patwa
Query: use Database1;
Aug 05, 2021 1:42:58 AM main.java.queries.CreateQuery createTable
INFO: User: harit_patwa At the start of create table for create query
Aug 05, 2021 1:42:58 AM main.java.queries.CreateQuery createTable
INFO: Database status at the start of create query: {Persons=0}

Aug 05, 2021 1:42:58 AM main.java.queries.CreateQuery createTable
INFO: Database status at the end of create query: {Persons=0, employees=0}

Aug 05, 2021 1:42:58 AM main.java.queries.CreateQuery createTable
INFO: User: harit_patwa
At the end of add for create query
Execution Time of query: 15000200 nanoseconds
Aug 05, 2021 1:42:58 AM main.java.logs.QueryLog setLogger
INFO: In Query log
Aug 05, 2021 1:42:58 AM main.java.QueryClass getQueries
INFO: User Name: harit_patwa
Query: CREATE TABLE employees (    empName varchar(255),    empAddress varchar(255),    empId varchar(255),    empSalary int,    empIsVaccinated boolean NOT NULL,    PRIMARY KEY(empId));
Aug 05, 2021 1:43:10 AM main.java.queries.SelectQuery selectForAll
INFO: User: harit_patwa Select statement running displaying table 
Aug 05, 2021 1:43:10 AM main.java.queries.SelectQuery selectForAll
INFO: Database status at the start of SELECT query: {Persons=0, employees=0}

Aug 05, 2021 1:43:10 AM main.java.queries.SelectQuery selectForAll
INFO: Database status at the end of SELECT query: {Persons=0, employees=0}

Aug 05, 2021 1:43:10 AM main.java.queries.SelectQuery selectForAll
INFO: User: harit_patwa
At the end of add for SELECT query
Execution Time of query: 2001500 nanoseconds
Aug 05, 2021 1:43:10 AM main.java.logs.QueryLog setLogger
INFO: In Query log
Aug 05, 2021 1:43:10 AM main.java.QueryClass getQueries
INFO: User Name: harit_patwa
Query: select * from employees;
Aug 05, 2021 1:43:23 AM main.java.queries.InsertQuery insert
INFO: User: harit_patwa At the start of insert query
Aug 05, 2021 1:43:23 AM main.java.queries.InsertQuery insert
INFO: Database status at the start of insert query: {Persons=0, employees=0}

Aug 05, 2021 1:43:23 AM main.java.queries.InsertQuery insert
INFO: Database status at the end of insert query: {Persons=0, employees=5}

Aug 05, 2021 1:43:23 AM main.java.queries.InsertQuery insert
INFO: User: harit_patwa
At the end of add for insert query
Execution Time of query: 17002400 nanoseconds
Aug 05, 2021 1:43:23 AM main.java.logs.QueryLog setLogger
INFO: In Query log
Aug 05, 2021 1:43:23 AM main.java.QueryClass getQueries
INFO: User Name: harit_patwa
Query: INSERT INTO employees(empName, empAddress, empId, empSalary, empIsVaccinated)VALUES ('Employee1', 'Address1', 'ep1', 131, true);
Aug 05, 2021 1:43:34 AM main.java.queries.InsertQuery insert
INFO: User: harit_patwa At the start of insert query
Aug 05, 2021 1:43:34 AM main.java.queries.InsertQuery insert
INFO: Database status at the start of insert query: {Persons=0, employees=5}

Aug 05, 2021 1:43:34 AM main.java.queries.InsertQuery insert
INFO: Database status at the end of insert query: {Persons=0, employees=5}

Aug 05, 2021 1:43:34 AM main.java.queries.InsertQuery insert
INFO: User: harit_patwa
At the end of add for insert query
Execution Time of query: 89999500 nanoseconds
Aug 05, 2021 1:43:34 AM main.java.logs.QueryLog setLogger
INFO: In Query log
Aug 05, 2021 1:43:34 AM main.java.QueryClass getQueries
INFO: User Name: harit_patwa
Query: INSERT INTO employees(empName, empAddress, empId, empSalary, empIsVaccinated)VALUES ('Employee2', 'Address2', 'ep2', 132, true);
Aug 05, 2021 1:43:47 AM main.java.queries.InsertQuery insert
INFO: User: harit_patwa At the start of insert query
Aug 05, 2021 1:43:47 AM main.java.queries.InsertQuery insert
INFO: Database status at the start of insert query: {Persons=0, employees=5}

Aug 05, 2021 1:43:47 AM main.java.queries.InsertQuery insert
INFO: Database status at the end of insert query: {Persons=0, employees=5}

Aug 05, 2021 1:43:47 AM main.java.queries.InsertQuery insert
INFO: User: harit_patwa
At the end of add for insert query
Execution Time of query: 26081900 nanoseconds
Aug 05, 2021 1:43:47 AM main.java.logs.QueryLog setLogger
INFO: In Query log
Aug 05, 2021 1:43:47 AM main.java.QueryClass getQueries
INFO: User Name: harit_patwa
Query: INSERT INTO employees(empName, empAddress, empId, empSalary, empIsVaccinated)VALUES ('Employee3', 'Address3', 'ep3', 133, true);
Aug 05, 2021 1:43:55 AM main.java.queries.SelectQuery selectForAll
INFO: User: harit_patwa Select statement running displaying table 
Aug 05, 2021 1:43:55 AM main.java.queries.SelectQuery selectForAll
INFO: Database status at the start of SELECT query: {Persons=0, employees=5}

Aug 05, 2021 1:43:55 AM main.java.queries.SelectQuery selectForAll
INFO: Database status at the end of SELECT query: {Persons=0, employees=5}

Aug 05, 2021 1:43:55 AM main.java.queries.SelectQuery selectForAll
INFO: User: harit_patwa
At the end of add for SELECT query
Execution Time of query: 1000100 nanoseconds
Aug 05, 2021 1:43:55 AM main.java.logs.QueryLog setLogger
INFO: In Query log
Aug 05, 2021 1:43:55 AM main.java.QueryClass getQueries
INFO: User Name: harit_patwa
Query: select * from employees;
Aug 05, 2021 1:44:18 AM main.java.queries.SelectQuery showForColumnsForCondition
INFO: User: harit_patwa Select statement running displaying table 
Aug 05, 2021 1:44:18 AM main.java.queries.SelectQuery showForColumnsForCondition
INFO: Database status at the start of SELECT query: {Persons=0, employees=5}

Aug 05, 2021 1:44:18 AM main.java.queries.SelectQuery showForColumnsForCondition
INFO: Database status at the end of SELECT query: {Persons=0, employees=5}

Aug 05, 2021 1:44:18 AM main.java.queries.SelectQuery showForColumnsForCondition
INFO: User: harit_patwa
At the end of add for SELECT query
Execution Time of query: 1000300 nanoseconds
Aug 05, 2021 1:44:18 AM main.java.logs.QueryLog setLogger
INFO: In Query log
Aug 05, 2021 1:44:18 AM main.java.QueryClass getQueries
INFO: User Name: harit_patwa
Query: select empSalary,empName from employees where empSalary<133;
Aug 05, 2021 1:44:57 AM main.java.logs.QueryLog setLogger
INFO: In Query log
Aug 05, 2021 1:44:57 AM main.java.QueryClass getQueries
INFO: User Name: harit_patwa
Query: update employees set empId='ep2' where empId='ep3';
Aug 05, 2021 1:45:25 AM main.java.logs.QueryLog setLogger
INFO: In Query log
Aug 05, 2021 1:45:25 AM main.java.QueryClass getQueries
INFO: User Name: harit_patwa
Query: update employees set empIsVaccinated=null where empId='ep3';
Aug 05, 2021 1:45:47 AM main.java.logs.QueryLog setLogger
INFO: In Query log
Aug 05, 2021 1:45:47 AM main.java.QueryClass getQueries
INFO: User Name: harit_patwa
Query: update employees set empIsVaccinated='stringValue' where empId='ep5';
