Aug 03, 2021 5:21:10 PM main.java.logs.QueryLog setLogger
INFO: In Query log
Aug 03, 2021 5:21:10 PM main.java.QueryClass getQueries
INFO: User Name: harit_patwa
Query: use Database1;
Aug 03, 2021 5:21:55 PM main.java.logs.QueryLog setLogger
INFO: In Query log
Aug 03, 2021 5:21:55 PM main.java.QueryClass getQueries
INFO: User Name: harit_patwa
Query: select * from employee where empAddress='Halifax';
Aug 03, 2021 5:22:47 PM main.java.logs.QueryLog setLogger
INFO: In Query log
Aug 03, 2021 5:22:47 PM main.java.QueryClass getQueries
INFO: User Name: harit_patwa
Query: select * from employee;
Aug 03, 2021 5:26:27 PM main.java.logs.QueryLog setLogger
INFO: In Query log
Aug 03, 2021 5:26:27 PM main.java.QueryClass getQueries
INFO: User Name: harit_patwa
Query: UPDATE employee SET empName='Samir' where empName='Saurabh';
Aug 03, 2021 5:29:58 PM main.java.logs.QueryLog setLogger
INFO: In Query log
Aug 03, 2021 5:29:58 PM main.java.QueryClass getQueries
INFO: User Name: harit_patwa
Query: use Database1;
Aug 03, 2021 5:31:45 PM main.java.logs.QueryLog setLogger
INFO: In Query log
Aug 03, 2021 5:31:45 PM main.java.QueryClass getQueries
INFO: User Name: harit_patwa
Query: UPDATE employee SET empName='Samir' where empName='Saurabh';
Aug 03, 2021 5:32:08 PM main.java.logs.QueryLog setLogger
INFO: In Query log
Aug 03, 2021 5:32:08 PM main.java.QueryClass getQueries
INFO: User Name: harit_patwa
Query: use Database1;
Aug 03, 2021 5:32:19 PM main.java.logs.QueryLog setLogger
INFO: In Query log
Aug 03, 2021 5:32:19 PM main.java.QueryClass getQueries
INFO: User Name: harit_patwa
Query: UPDATE employee SET empName='Samir' where empName='Saurabh';
Aug 03, 2021 5:32:41 PM main.java.logs.QueryLog setLogger
INFO: In Query log
Aug 03, 2021 5:32:41 PM main.java.QueryClass getQueries
INFO: User Name: harit_patwa
Query: select * from employee;
Aug 03, 2021 6:30:08 PM main.java.logs.QueryLog setLogger
INFO: In Query log
Aug 03, 2021 6:30:08 PM main.java.QueryClass getQueries
INFO: User Name: harit_patwa
Query: CREATE TABLE employee(    empId varchar(255),    empName varchar(255),    empAddress varchar(255),    empSalary int);
Aug 03, 2021 6:30:24 PM main.java.queries.QueryParser use
INFO: User: harit_patwa At the start of use database query
Aug 03, 2021 6:30:24 PM main.java.queries.QueryParser use
INFO: Database status at the end of use query: {employee=3}

Aug 03, 2021 6:30:24 PM main.java.queries.QueryParser use
INFO: User: harit_patwa
At the end of add for use query
Execution Time of query: 2000000 nanoseconds
Aug 03, 2021 6:30:24 PM main.java.logs.QueryLog setLogger
INFO: In Query log
Aug 03, 2021 6:30:24 PM main.java.QueryClass getQueries
INFO: User Name: harit_patwa
Query: use Database1;
Aug 03, 2021 6:30:29 PM main.java.logs.QueryLog setLogger
INFO: In Query log
Aug 03, 2021 6:30:29 PM main.java.QueryClass getQueries
INFO: User Name: harit_patwa
Query: CREATE TABLE employee(    empId varchar(255),    empName varchar(255),    empAddress varchar(255),    empSalary int);
Aug 03, 2021 7:19:17 PM main.java.logs.QueryLog setLogger
INFO: In Query log
Aug 03, 2021 7:19:17 PM main.java.QueryClass getQueries
INFO: User Name: harit_patwa
Query: select * from employee;
Aug 03, 2021 7:19:47 PM main.java.queries.QueryParser use
INFO: User: harit_patwa At the start of use database query
Aug 03, 2021 7:19:47 PM main.java.queries.QueryParser use
INFO: Database status at the end of use query: {employee=3}

Aug 03, 2021 7:19:47 PM main.java.queries.QueryParser use
INFO: User: harit_patwa
At the end of add for use query
Execution Time of query: 2020600 nanoseconds
Aug 03, 2021 7:19:47 PM main.java.logs.QueryLog setLogger
INFO: In Query log
Aug 03, 2021 7:19:47 PM main.java.QueryClass getQueries
INFO: User Name: harit_patwa
Query: use Database1;
Aug 03, 2021 7:19:57 PM main.java.logs.QueryLog setLogger
INFO: In Query log
Aug 03, 2021 7:19:57 PM main.java.QueryClass getQueries
INFO: User Name: harit_patwa
Query: select * from employee;
Aug 03, 2021 7:20:13 PM main.java.queries.QueryParser use
INFO: User: harit_patwa At the start of use database query
Aug 03, 2021 7:20:13 PM main.java.queries.QueryParser use
INFO: Database status at the end of use query: {employee=3}

Aug 03, 2021 7:20:13 PM main.java.queries.QueryParser use
INFO: User: harit_patwa
At the end of add for use query
Execution Time of query: 0 nanoseconds
Aug 03, 2021 7:20:13 PM main.java.logs.QueryLog setLogger
INFO: In Query log
Aug 03, 2021 7:20:13 PM main.java.QueryClass getQueries
INFO: User Name: harit_patwa
Query: use Database1;
Aug 03, 2021 7:20:20 PM main.java.logs.QueryLog setLogger
INFO: In Query log
Aug 03, 2021 7:20:20 PM main.java.QueryClass getQueries
INFO: User Name: harit_patwa
Query: select * from employee;
Aug 03, 2021 7:28:41 PM main.java.logs.QueryLog setLogger
INFO: In Query log
Aug 03, 2021 7:28:41 PM main.java.QueryClass getQueries
INFO: User Name: harit_patwa
Query: use Database1;
Aug 03, 2021 7:29:06 PM main.java.logs.QueryLog setLogger
INFO: In Query log
Aug 03, 2021 7:29:06 PM main.java.QueryClass getQueries
INFO: User Name: harit_patwa
Query: select * from employee;
Aug 03, 2021 8:10:31 PM main.java.logs.QueryLog setLogger
INFO: In Query log
Aug 03, 2021 8:10:31 PM main.java.QueryClass getQueries
INFO: User Name: harit_patwa
Query: use Database1;
Aug 03, 2021 8:10:57 PM main.java.logs.QueryLog setLogger
INFO: In Query log
Aug 03, 2021 8:10:57 PM main.java.QueryClass getQueries
INFO: User Name: harit_patwa
Query: select * from employee;
Aug 03, 2021 8:12:39 PM main.java.logs.QueryLog setLogger
INFO: In Query log
Aug 03, 2021 8:12:39 PM main.java.QueryClass getQueries
INFO: User Name: harit_patwa
Query: update employee set empId='ep12',empSalary=130 where empName='Samir';
Aug 03, 2021 8:16:17 PM main.java.logs.QueryLog setLogger
INFO: In Query log
Aug 03, 2021 8:16:17 PM main.java.QueryClass getQueries
INFO: User Name: harit_patwa
Query: use Database1;
Aug 03, 2021 8:16:24 PM main.java.logs.QueryLog setLogger
INFO: In Query log
Aug 03, 2021 8:16:24 PM main.java.QueryClass getQueries
INFO: User Name: harit_patwa
Query: update employee set empId='ep12',empSalary=130 where empName='Samir';
Aug 03, 2021 8:17:10 PM main.java.logs.QueryLog setLogger
INFO: In Query log
Aug 03, 2021 8:17:10 PM main.java.QueryClass getQueries
INFO: User Name: harit_patwa
Query: use Database1;
Aug 03, 2021 8:17:22 PM main.java.logs.QueryLog setLogger
INFO: In Query log
Aug 03, 2021 8:17:22 PM main.java.QueryClass getQueries
INFO: User Name: harit_patwa
Query: update employee set empId='ep12',empSalary=130 where empName='Samir';
Aug 03, 2021 8:17:35 PM main.java.logs.QueryLog setLogger
INFO: In Query log
Aug 03, 2021 8:17:35 PM main.java.QueryClass getQueries
INFO: User Name: harit_patwa
Query: select * from employee;
Aug 03, 2021 8:21:29 PM main.java.logs.QueryLog setLogger
INFO: In Query log
Aug 03, 2021 8:21:29 PM main.java.QueryClass getQueries
INFO: User Name: harit_patwa
Query: CREATE TABLE employee(    empId varchar(255),    empName varchar(255),    empAddress varchar(255),    empSalary int,    empIsVaccinated boolean);
Aug 03, 2021 8:21:43 PM main.java.queries.QueryParser use
INFO: User: harit_patwa At the start of use database query
Aug 03, 2021 8:21:43 PM main.java.queries.QueryParser use
INFO: Database status at the end of use query: {employee=3}

Aug 03, 2021 8:21:43 PM main.java.queries.QueryParser use
INFO: User: harit_patwa
At the end of add for use query
Execution Time of query: 1994200 nanoseconds
Aug 03, 2021 8:21:43 PM main.java.logs.QueryLog setLogger
INFO: In Query log
Aug 03, 2021 8:21:43 PM main.java.QueryClass getQueries
INFO: User Name: harit_patwa
Query: use Database1;
Aug 03, 2021 8:21:50 PM main.java.logs.QueryLog setLogger
INFO: In Query log
Aug 03, 2021 8:21:50 PM main.java.QueryClass getQueries
INFO: User Name: harit_patwa
Query: CREATE TABLE employee(    empId varchar(255),    empName varchar(255),    empAddress varchar(255),    empSalary int,    empIsVaccinated boolean);
Aug 03, 2021 8:28:56 PM main.java.logs.QueryLog setLogger
INFO: In Query log
Aug 03, 2021 8:28:56 PM main.java.QueryClass getQueries
INFO: User Name: harit_patwa
Query: select * from employee;
Aug 03, 2021 8:29:37 PM main.java.logs.QueryLog setLogger
INFO: In Query log
Aug 03, 2021 8:29:37 PM main.java.QueryClass getQueries
INFO: User Name: harit_patwa
Query: select * from employee;
Aug 03, 2021 8:30:11 PM main.java.queries.QueryParser use
INFO: User: harit_patwa At the start of use database query
Aug 03, 2021 8:30:11 PM main.java.queries.QueryParser use
INFO: Database status at the end of use query: {employee=3}

Aug 03, 2021 8:30:11 PM main.java.queries.QueryParser use
INFO: User: harit_patwa
At the end of add for use query
Execution Time of query: 966100 nanoseconds
Aug 03, 2021 8:30:11 PM main.java.logs.QueryLog setLogger
INFO: In Query log
Aug 03, 2021 8:30:11 PM main.java.QueryClass getQueries
INFO: User Name: harit_patwa
Query: use Database1;
Aug 03, 2021 8:30:18 PM main.java.logs.QueryLog setLogger
INFO: In Query log
Aug 03, 2021 8:30:18 PM main.java.QueryClass getQueries
INFO: User Name: harit_patwa
Query: select * from employee;
Aug 03, 2021 8:31:44 PM main.java.logs.QueryLog setLogger
INFO: In Query log
Aug 03, 2021 8:31:44 PM main.java.QueryClass getQueries
INFO: User Name: harit_patwa
Query: update employee SET empIsVaccinated = false where empId='ep10';
Aug 03, 2021 8:33:16 PM main.java.logs.QueryLog setLogger
INFO: In Query log
Aug 03, 2021 8:33:16 PM main.java.QueryClass getQueries
INFO: User Name: harit_patwa
Query: use Database1;
Aug 03, 2021 8:33:55 PM main.java.logs.QueryLog setLogger
INFO: In Query log
Aug 03, 2021 8:33:55 PM main.java.QueryClass getQueries
INFO: User Name: harit_patwa
Query: update employee set empIsVaccinated=false where empId='ep1';
Aug 03, 2021 8:34:08 PM main.java.logs.QueryLog setLogger
INFO: In Query log
Aug 03, 2021 8:34:08 PM main.java.QueryClass getQueries
INFO: User Name: harit_patwa
Query: select * from employee;
Aug 03, 2021 10:35:12 PM main.java.logs.QueryLog setLogger
INFO: In Query log
Aug 03, 2021 10:35:12 PM main.java.QueryClass getQueries
INFO: User Name: harit_patwa
Query: select * from employee;
Aug 03, 2021 10:35:33 PM main.java.logs.QueryLog setLogger
INFO: In Query log
Aug 03, 2021 10:35:33 PM main.java.QueryClass getQueries
INFO: User Name: harit_patwa
Query: use Database1;
Aug 03, 2021 10:35:44 PM main.java.logs.QueryLog setLogger
INFO: In Query log
Aug 03, 2021 10:35:44 PM main.java.QueryClass getQueries
INFO: User Name: harit_patwa
Query: select * from employee;
Aug 03, 2021 10:37:18 PM main.java.logs.QueryLog setLogger
INFO: In Query log
Aug 03, 2021 10:37:18 PM main.java.QueryClass getQueries
INFO: User Name: harit_patwa
Query: update employee set empIsVaccinated=false where empId='ep9';
Aug 03, 2021 10:37:49 PM main.java.logs.QueryLog setLogger
INFO: In Query log
Aug 03, 2021 10:37:49 PM main.java.QueryClass getQueries
INFO: User Name: harit_patwa
Query: select * from employee;
Aug 03, 2021 10:39:05 PM main.java.logs.QueryLog setLogger
INFO: In Query log
Aug 03, 2021 10:39:05 PM main.java.QueryClass getQueries
INFO: User Name: harit_patwa
Query: update employee set empSalary=200 where empId='ep10';
Aug 03, 2021 10:39:19 PM main.java.logs.QueryLog setLogger
INFO: In Query log
Aug 03, 2021 10:39:19 PM main.java.QueryClass getQueries
INFO: User Name: harit_patwa
Query: select * from employee;
Aug 03, 2021 10:44:41 PM main.java.logs.QueryLog setLogger
INFO: In Query log
Aug 03, 2021 10:44:41 PM main.java.QueryClass getQueries
INFO: User Name: harit_patwa
Query: select * from employee;
Aug 03, 2021 10:46:32 PM main.java.logs.QueryLog setLogger
INFO: In Query log
Aug 03, 2021 10:46:32 PM main.java.QueryClass getQueries
INFO: User Name: harit_patwa
Query: select * from employee;
Aug 03, 2021 10:48:24 PM main.java.logs.QueryLog setLogger
INFO: In Query log
Aug 03, 2021 10:48:24 PM main.java.QueryClass getQueries
INFO: User Name: harit_patwa
Query: use Database1;
Aug 03, 2021 10:48:59 PM main.java.logs.QueryLog setLogger
INFO: In Query log
Aug 03, 2021 10:48:59 PM main.java.QueryClass getQueries
INFO: User Name: harit_patwa
Query: select empId from employee where empAddress='Halifax';
Aug 03, 2021 10:51:49 PM main.java.logs.QueryLog setLogger
INFO: In Query log
Aug 03, 2021 10:51:49 PM main.java.QueryClass getQueries
INFO: User Name: harit_patwa
Query: use Database1;
Aug 03, 2021 10:56:51 PM main.java.logs.QueryLog setLogger
INFO: In Query log
Aug 03, 2021 10:56:51 PM main.java.QueryClass getQueries
INFO: User Name: harit_patwa
Query: select empId from employee where empAddress='Halifax';
Aug 03, 2021 11:03:03 PM main.java.logs.QueryLog setLogger
INFO: In Query log
Aug 03, 2021 11:03:03 PM main.java.QueryClass getQueries
INFO: User Name: harit_patwa
Query: use Database1;
Aug 03, 2021 11:03:58 PM main.java.logs.QueryLog setLogger
INFO: In Query log
Aug 03, 2021 11:03:58 PM main.java.QueryClass getQueries
INFO: User Name: harit_patwa
Query: select * from employee where empAddress='Halifax';
Aug 03, 2021 11:04:50 PM main.java.logs.QueryLog setLogger
INFO: In Query log
Aug 03, 2021 11:04:50 PM main.java.QueryClass getQueries
INFO: User Name: harit_patwa
Query: use Database1;
Aug 03, 2021 11:04:55 PM main.java.logs.QueryLog setLogger
INFO: In Query log
Aug 03, 2021 11:04:55 PM main.java.QueryClass getQueries
INFO: User Name: harit_patwa
Query: select * from employee where empAddress='Halifax';
Aug 03, 2021 11:05:30 PM main.java.logs.QueryLog setLogger
INFO: In Query log
Aug 03, 2021 11:05:30 PM main.java.QueryClass getQueries
INFO: User Name: harit_patwa
Query: select empId from employee where empAddress='Halifax';
Aug 03, 2021 11:09:52 PM main.java.logs.QueryLog setLogger
INFO: In Query log
Aug 03, 2021 11:09:52 PM main.java.QueryClass getQueries
INFO: User Name: harit_patwa
Query: use Database1;
Aug 03, 2021 11:19:14 PM main.java.logs.QueryLog setLogger
INFO: In Query log
Aug 03, 2021 11:19:14 PM main.java.QueryClass getQueries
INFO: User Name: harit_patwa
Query: select empId from employee where empAddress='Halifax';
Aug 03, 2021 11:27:39 PM main.java.logs.QueryLog setLogger
INFO: In Query log
Aug 03, 2021 11:27:39 PM main.java.QueryClass getQueries
INFO: User Name: harit_patwa
Query: use Database1;
Aug 03, 2021 11:28:09 PM main.java.logs.QueryLog setLogger
INFO: In Query log
Aug 03, 2021 11:28:09 PM main.java.QueryClass getQueries
INFO: User Name: harit_patwa
Query: select empId from employee where empAddress='Halifax';
Aug 03, 2021 11:30:26 PM main.java.logs.QueryLog setLogger
INFO: In Query log
Aug 03, 2021 11:30:26 PM main.java.QueryClass getQueries
INFO: User Name: harit_patwa
Query: use Database1;
Aug 03, 2021 11:34:49 PM main.java.logs.QueryLog setLogger
INFO: In Query log
Aug 03, 2021 11:34:49 PM main.java.QueryClass getQueries
INFO: User Name: harit_patwa
Query: select empId from employee where empAddress='Halifax';
Aug 03, 2021 11:35:08 PM main.java.logs.QueryLog setLogger
INFO: In Query log
Aug 03, 2021 11:35:08 PM main.java.QueryClass getQueries
INFO: User Name: harit_patwa
Query: use Database1;
Aug 03, 2021 11:37:47 PM main.java.logs.QueryLog setLogger
INFO: In Query log
Aug 03, 2021 11:37:47 PM main.java.QueryClass getQueries
INFO: User Name: harit_patwa
Query: use Database1;
Aug 03, 2021 11:37:53 PM main.java.logs.QueryLog setLogger
INFO: In Query log
Aug 03, 2021 11:37:53 PM main.java.QueryClass getQueries
INFO: User Name: harit_patwa
Query: select empId from employee where empAddress='Halifax';
Aug 03, 2021 11:38:57 PM main.java.logs.QueryLog setLogger
INFO: In Query log
Aug 03, 2021 11:38:57 PM main.java.QueryClass getQueries
INFO: User Name: harit_patwa
Query: use Database1;
Aug 03, 2021 11:39:08 PM main.java.logs.QueryLog setLogger
INFO: In Query log
Aug 03, 2021 11:39:08 PM main.java.QueryClass getQueries
INFO: User Name: harit_patwa
Query: select empId from employee where empAddress='Halifax';
Aug 03, 2021 11:39:49 PM main.java.logs.QueryLog setLogger
INFO: In Query log
Aug 03, 2021 11:39:49 PM main.java.QueryClass getQueries
INFO: User Name: harit_patwa
Query: select empId,empSalary from employee where empAddress='Halifax';
Aug 03, 2021 11:40:14 PM main.java.logs.QueryLog setLogger
INFO: In Query log
Aug 03, 2021 11:40:14 PM main.java.QueryClass getQueries
INFO: User Name: harit_patwa
Query: select empId,empAddress from employee;
Aug 03, 2021 11:40:38 PM main.java.logs.QueryLog setLogger
INFO: In Query log
Aug 03, 2021 11:40:38 PM main.java.QueryClass getQueries
INFO: User Name: harit_patwa
Query: select empId from employee where empSalary<130;
Aug 04, 2021 12:30:07 AM main.java.logs.QueryLog setLogger
INFO: In Query log
Aug 04, 2021 12:30:07 AM main.java.QueryClass getQueries
INFO: User Name: harit_patwa
Query: select * from employee;
Aug 04, 2021 12:30:16 AM main.java.logs.QueryLog setLogger
INFO: In Query log
Aug 04, 2021 12:30:16 AM main.java.QueryClass getQueries
INFO: User Name: harit_patwa
Query: use Database1;
Aug 04, 2021 12:30:31 AM main.java.logs.QueryLog setLogger
INFO: In Query log
Aug 04, 2021 12:30:31 AM main.java.QueryClass getQueries
INFO: User Name: harit_patwa
Query: select * from employee;
Aug 04, 2021 12:32:27 AM main.java.logs.QueryLog setLogger
INFO: In Query log
Aug 04, 2021 12:32:27 AM main.java.QueryClass getQueries
INFO: User Name: harit_patwa
Query: update employee set empId='ep11' where empId='ep4';
Aug 04, 2021 12:32:50 AM main.java.logs.QueryLog setLogger
INFO: In Query log
Aug 04, 2021 12:32:50 AM main.java.QueryClass getQueries
INFO: User Name: harit_patwa
Query: select * from employee;
Aug 04, 2021 12:46:22 AM main.java.logs.QueryLog setLogger
INFO: In Query log
Aug 04, 2021 12:46:22 AM main.java.QueryClass getQueries
INFO: User Name: harit_patwa
Query: update employee set empId='ep10' where empId='ep3';
Aug 04, 2021 1:01:08 AM main.java.logs.QueryLog setLogger
INFO: In Query log
Aug 04, 2021 1:01:08 AM main.java.QueryClass getQueries
INFO: User Name: harit_patwa
Query: use Database1;
Aug 04, 2021 1:01:18 AM main.java.logs.QueryLog setLogger
INFO: In Query log
Aug 04, 2021 1:01:18 AM main.java.QueryClass getQueries
INFO: User Name: harit_patwa
Query: select * from employee;
Aug 04, 2021 1:02:29 AM main.java.logs.QueryLog setLogger
INFO: In Query log
Aug 04, 2021 1:02:29 AM main.java.QueryClass getQueries
INFO: User Name: harit_patwa
Query: update employee set empId='ep10' where empId='ep9';
Aug 04, 2021 1:03:02 AM main.java.logs.QueryLog setLogger
INFO: In Query log
Aug 04, 2021 1:03:02 AM main.java.QueryClass getQueries
INFO: User Name: harit_patwa
Query: select * from employee;
Aug 04, 2021 1:16:08 AM main.java.logs.QueryLog setLogger
INFO: In Query log
Aug 04, 2021 1:16:08 AM main.java.QueryClass getQueries
INFO: User Name: harit_patwa
Query: use Database1;
Aug 04, 2021 1:16:44 AM main.java.logs.QueryLog setLogger
INFO: In Query log
Aug 04, 2021 1:16:44 AM main.java.QueryClass getQueries
INFO: User Name: harit_patwa
Query: select * from employee;
Aug 04, 2021 1:17:46 AM main.java.logs.QueryLog setLogger
INFO: In Query log
Aug 04, 2021 1:17:46 AM main.java.QueryClass getQueries
INFO: User Name: harit_patwa
Query: select * from employee where empId='ep11';
Aug 04, 2021 1:20:39 AM main.java.logs.QueryLog setLogger
INFO: In Query log
Aug 04, 2021 1:20:39 AM main.java.QueryClass getQueries
INFO: User Name: harit_patwa
Query: start transaction: update employee setempIsVaccinated=false where empId='ep11'; select * from employee where empId='ep11';commit;
Aug 04, 2021 1:21:28 AM main.java.logs.QueryLog setLogger
INFO: In Query log
Aug 04, 2021 1:21:28 AM main.java.QueryClass getQueries
INFO: User Name: harit_patwa
Query: update employee set empIsVaccinated=false where empId='ep11'; 
Aug 04, 2021 1:21:49 AM main.java.logs.QueryLog setLogger
INFO: In Query log
Aug 04, 2021 1:21:49 AM main.java.QueryClass getQueries
INFO: User Name: harit_patwa
Query: select * from employee where empId='ep11';
Aug 04, 2021 1:25:01 AM main.java.logs.QueryLog setLogger
INFO: In Query log
Aug 04, 2021 1:25:01 AM main.java.QueryClass getQueries
INFO: User Name: harit_patwa
Query: use Database1;
Aug 04, 2021 1:26:25 AM main.java.logs.QueryLog setLogger
INFO: In Query log
Aug 04, 2021 1:26:25 AM main.java.QueryClass getQueries
INFO: User Name: harit_patwa
Query: start transaction: update employee set empId='ep15' where empName='Harit';select * from employee where empName='Harit';commit;
Aug 04, 2021 1:27:26 AM main.java.logs.QueryLog setLogger
INFO: In Query log
Aug 04, 2021 1:27:26 AM main.java.QueryClass getQueries
INFO: User Name: harit_patwa
Query: start transaction: update employee set empId='ep15' where empName='Harit';select * from employee where empName='Harit';commit;
Aug 04, 2021 1:28:00 AM main.java.logs.QueryLog setLogger
INFO: In Query log
Aug 04, 2021 1:28:00 AM main.java.QueryClass getQueries
INFO: User Name: harit_patwa
Query: start transaction: update employee set empId='ep15' where empName='Harit';select * from employee where empName='Harit';commit;
Aug 04, 2021 1:28:21 AM main.java.logs.QueryLog setLogger
INFO: In Query log
Aug 04, 2021 1:28:21 AM main.java.QueryClass getQueries
INFO: User Name: harit_patwa
Query: start transaction: update employee set empId='ep16' where empName='Harit';select * from employee where empName='Harit';commit;
Aug 04, 2021 2:04:03 AM main.java.logs.QueryLog setLogger
INFO: In Query log
Aug 04, 2021 2:04:03 AM main.java.QueryClass getQueries
INFO: User Name: harit_patwa
Query: 1use Database1;
Aug 04, 2021 2:04:12 AM main.java.logs.QueryLog setLogger
INFO: In Query log
Aug 04, 2021 2:04:12 AM main.java.QueryClass getQueries
INFO: User Name: harit_patwa
Query: use Database1;
Aug 04, 2021 2:04:46 AM main.java.logs.QueryLog setLogger
INFO: In Query log
Aug 04, 2021 2:04:46 AM main.java.QueryClass getQueries
INFO: User Name: harit_patwa
Query: use Database1;
Aug 04, 2021 2:05:18 AM main.java.logs.QueryLog setLogger
INFO: In Query log
Aug 04, 2021 2:05:18 AM main.java.QueryClass getQueries
INFO: User Name: harit_patwa
Query: start transaction: update employee set empId='ep16' where empName='Harit';select * from employee where empName='Harit';select * from employee;update employee set empName='Dwayne' where empId='ep5';select empName,empId from employee where empId='ep5';commit;
Aug 04, 2021 2:27:39 AM main.java.logs.QueryLog setLogger
INFO: In Query log
Aug 04, 2021 2:27:39 AM main.java.QueryClass getQueries
INFO: User Name: harit_patwa
Query: use Database1;

Aug 04, 2021 2:27:59 AM main.java.logs.QueryLog setLogger
INFO: In Query log
Aug 04, 2021 2:27:59 AM main.java.QueryClass getQueries
INFO: User Name: harit_patwa
Query: start transaction: 
update employee set empId='ep123' where empName='Harit';
select * from employee where empName='Harit';
select * from employee;
update employee set empName='Dwayne' where empId='ep5';
select empName,empId from employee where empId='ep5';

commit;

Aug 04, 2021 9:38:45 AM main.java.logs.QueryLog setLogger
INFO: In Query log
Aug 04, 2021 9:38:45 AM main.java.QueryClass getQueries
INFO: User Name: harit_patwa
Query: use Database1;
Aug 04, 2021 9:45:41 AM main.java.logs.QueryLog setLogger
INFO: In Query log
Aug 04, 2021 9:45:41 AM main.java.QueryClass getQueries
INFO: User Name: harit_patwa
Query: update employ3e set empId='100' where empName='Rahul';
Aug 04, 2021 9:45:59 AM main.java.queries.UseQuery useDataBase
INFO: User: harit_patwa At the start of use query
Aug 04, 2021 9:45:59 AM main.java.queries.UseQuery useDataBase
INFO: Database status at the start of use query: {employee=3}

Aug 04, 2021 9:45:59 AM main.java.queries.UseQuery useDataBase
INFO: Database status at the end of use query: {employee=3}

Aug 04, 2021 9:45:59 AM main.java.queries.UseQuery useDataBase
INFO: User: harit_patwa
At the end of add for use query
Execution Time of query: 0 nanoseconds
Aug 04, 2021 9:45:59 AM main.java.logs.QueryLog setLogger
INFO: In Query log
Aug 04, 2021 9:45:59 AM main.java.QueryClass getQueries
INFO: User Name: harit_patwa
Query: use Database1;
Aug 04, 2021 9:46:07 AM main.java.logs.QueryLog setLogger
INFO: In Query log
Aug 04, 2021 9:46:07 AM main.java.QueryClass getQueries
INFO: User Name: harit_patwa
Query: update employ3e set empId='100' where empName='Rahul';
Aug 04, 2021 9:52:44 AM main.java.logs.QueryLog setLogger
INFO: In Query log
Aug 04, 2021 9:52:44 AM main.java.QueryClass getQueries
INFO: User Name: harit_patwa
Query: use Database1;
Aug 04, 2021 9:54:42 AM main.java.logs.QueryLog setLogger
INFO: In Query log
Aug 04, 2021 9:54:42 AM main.java.QueryClass getQueries
INFO: User Name: harit_patwa
Query: use Database1;
Aug 04, 2021 9:55:28 AM main.java.logs.QueryLog setLogger
INFO: In Query log
Aug 04, 2021 9:55:28 AM main.java.QueryClass getQueries
INFO: User Name: harit_patwa
Query: update employee set emplId=10 where empName='Ebd';
Aug 04, 2021 10:11:53 AM main.java.logs.QueryLog setLogger
INFO: In Query log
Aug 04, 2021 10:11:53 AM main.java.QueryClass getQueries
INFO: User Name: harit_patwa
Query: use Database1;
Aug 04, 2021 10:12:28 AM main.java.logs.QueryLog setLogger
INFO: In Query log
Aug 04, 2021 10:12:28 AM main.java.QueryClass getQueries
INFO: User Name: harit_patwa
Query: select empOp from employee;
Aug 04, 2021 10:13:36 AM main.java.logs.QueryLog setLogger
INFO: In Query log
Aug 04, 2021 10:13:36 AM main.java.QueryClass getQueries
INFO: User Name: harit_patwa
Query: select empId from employee;
Aug 04, 2021 10:16:18 AM main.java.logs.QueryLog setLogger
INFO: In Query log
Aug 04, 2021 10:16:18 AM main.java.QueryClass getQueries
INFO: User Name: harit_patwa
Query: use Database1;
Aug 04, 2021 10:16:44 AM main.java.logs.QueryLog setLogger
INFO: In Query log
Aug 04, 2021 10:16:44 AM main.java.QueryClass getQueries
INFO: User Name: harit_patwa
Query: select empId from employee;
Aug 04, 2021 10:17:46 AM main.java.logs.QueryLog setLogger
INFO: In Query log
Aug 04, 2021 10:17:46 AM main.java.QueryClass getQueries
INFO: User Name: harit_patwa
Query: select * from employee where empTech='100';
Aug 04, 2021 10:21:30 AM main.java.logs.QueryLog setLogger
INFO: In Query log
Aug 04, 2021 10:21:30 AM main.java.QueryClass getQueries
INFO: User Name: harit_patwa
Query: use Database1;
Aug 04, 2021 10:21:35 AM main.java.logs.QueryLog setLogger
INFO: In Query log
Aug 04, 2021 10:21:35 AM main.java.QueryClass getQueries
INFO: User Name: harit_patwa
Query: select empId,empAddress from employee where empTech='100';
Aug 04, 2021 10:22:05 AM main.java.logs.QueryLog setLogger
INFO: In Query log
Aug 04, 2021 10:22:05 AM main.java.QueryClass getQueries
INFO: User Name: harit_patwa
Query: select empTech from employee;
Aug 04, 2021 10:22:28 AM main.java.logs.QueryLog setLogger
INFO: In Query log
Aug 04, 2021 10:22:28 AM main.java.QueryClass getQueries
INFO: User Name: harit_patwa
Query: select * from employee;
Aug 04, 2021 10:35:24 AM main.java.logs.QueryLog setLogger
INFO: In Query log
Aug 04, 2021 10:35:24 AM main.java.QueryClass getQueries
INFO: User Name: harit_patwa
Query: use Database1;
Aug 04, 2021 10:36:31 AM main.java.logs.QueryLog setLogger
INFO: In Query log
Aug 04, 2021 10:36:31 AM main.java.QueryClass getQueries
INFO: User Name: harit_patwa
Query: update employee set empName='Harit1' where empName='Harit';
Aug 04, 2021 10:39:00 AM main.java.logs.QueryLog setLogger
INFO: In Query log
Aug 04, 2021 10:39:00 AM main.java.QueryClass getQueries
INFO: User Name: harit_patwa
Query: use Database1;
Aug 04, 2021 10:40:15 AM main.java.logs.QueryLog setLogger
INFO: In Query log
Aug 04, 2021 10:40:15 AM main.java.QueryClass getQueries
INFO: User Name: harit_patwa
Query: update employee set empName='Harit1' where empName='Harit';
Aug 04, 2021 10:43:35 AM main.java.logs.QueryLog setLogger
INFO: In Query log
Aug 04, 2021 10:43:35 AM main.java.QueryClass getQueries
INFO: User Name: harit_patwa
Query: use Database1;
Aug 04, 2021 10:43:53 AM main.java.queries.UpdateQuery update
INFO: User: harit_patwa Updating the columns for given condition
Aug 04, 2021 10:43:53 AM main.java.queries.UpdateQuery update
INFO: Database status at the start of update query: {employee=3}

Aug 04, 2021 10:43:53 AM main.java.queries.UpdateQuery update
INFO: Database status at the end of update query: {employee=3}

Aug 04, 2021 10:43:53 AM main.java.queries.UpdateQuery update
INFO: User: harit_patwa
At the end of add for update query
Execution Time of query: 8002400 nanoseconds
Aug 04, 2021 10:43:53 AM main.java.logs.QueryLog setLogger
INFO: In Query log
Aug 04, 2021 10:43:53 AM main.java.QueryClass getQueries
INFO: User Name: harit_patwa
Query: update employee set empName='Harit1' where empName='Harit';
Aug 04, 2021 10:44:13 AM main.java.logs.QueryLog setLogger
INFO: In Query log
Aug 04, 2021 10:44:13 AM main.java.QueryClass getQueries
INFO: User Name: harit_patwa
Query: select * from employee;
Aug 04, 2021 11:05:34 AM main.java.logs.QueryLog setLogger
INFO: In Query log
Aug 04, 2021 11:05:34 AM main.java.QueryClass getQueries
INFO: User Name: harit_patwa
Query: use Database1;
Aug 04, 2021 11:05:54 AM main.java.queries.SelectQuery selectForAll
INFO: User: harit_patwa Select statement running displaying table 
Aug 04, 2021 11:05:54 AM main.java.queries.SelectQuery selectForAll
INFO: Database status at the start of SELECT query: {employee=3}

Aug 04, 2021 11:05:54 AM main.java.queries.SelectQuery selectForAll
INFO: Database status at the end of SELECT query: {employee=3}

Aug 04, 2021 11:05:54 AM main.java.queries.SelectQuery selectForAll
INFO: User: harit_patwa
At the end of add for SELECT query
Execution Time of query: 20000400 nanoseconds
Aug 04, 2021 11:05:54 AM main.java.logs.QueryLog setLogger
INFO: In Query log
Aug 04, 2021 11:05:54 AM main.java.QueryClass getQueries
INFO: User Name: harit_patwa
Query: select * from employee;
Aug 04, 2021 11:07:05 AM main.java.queries.SelectQuery showAllForCondition
INFO: User: harit_patwa Select statement running displaying table 
Aug 04, 2021 11:07:05 AM main.java.queries.SelectQuery showAllForCondition
INFO: Database status at the start of SELECT query: {employee=3}

Aug 04, 2021 11:07:05 AM main.java.queries.SelectQuery showAllForCondition
INFO: Database status at the end of SELECT query: {employee=3}

Aug 04, 2021 11:07:05 AM main.java.queries.SelectQuery showAllForCondition
INFO: User: harit_patwa
At the end of add for SELECT query
Execution Time of query: 5998500 nanoseconds
Aug 04, 2021 11:07:05 AM main.java.logs.QueryLog setLogger
INFO: In Query log
Aug 04, 2021 11:07:05 AM main.java.QueryClass getQueries
INFO: User Name: harit_patwa
Query: select * from employee where empName='Harit1';
Aug 04, 2021 11:07:15 AM main.java.queries.SelectQuery showForLimited
INFO: User: harit_patwa Select statement running displaying table 
Aug 04, 2021 11:07:15 AM main.java.queries.SelectQuery showForLimited
INFO: Database status at the start of SELECT query: {employee=3}

Aug 04, 2021 11:07:15 AM main.java.queries.SelectQuery showForLimited
INFO: Database status at the end of SELECT query: {employee=3}

Aug 04, 2021 11:07:15 AM main.java.queries.SelectQuery showForLimited
INFO: User: harit_patwa
At the end of add for SELECT query
Execution Time of query: 5998500 nanoseconds
Aug 04, 2021 11:07:15 AM main.java.logs.QueryLog setLogger
INFO: In Query log
Aug 04, 2021 11:07:15 AM main.java.QueryClass getQueries
INFO: User Name: harit_patwa
Query: select empName from employee;
Aug 04, 2021 11:07:30 AM main.java.queries.SelectQuery showForColumnsForCondition
INFO: User: harit_patwa Select statement running displaying table 
Aug 04, 2021 11:07:30 AM main.java.queries.SelectQuery showForColumnsForCondition
INFO: Database status at the start of SELECT query: {employee=3}

Aug 04, 2021 11:07:30 AM main.java.queries.SelectQuery showForColumnsForCondition
INFO: Database status at the end of SELECT query: {employee=3}

Aug 04, 2021 11:07:30 AM main.java.queries.SelectQuery showForColumnsForCondition
INFO: User: harit_patwa
At the end of add for SELECT query
Execution Time of query: 4004000 nanoseconds
Aug 04, 2021 11:07:30 AM main.java.logs.QueryLog setLogger
INFO: In Query log
Aug 04, 2021 11:07:30 AM main.java.QueryClass getQueries
INFO: User Name: harit_patwa
Query: select empName,empId from employee where empName='Dhruv';
Aug 04, 2021 11:07:49 AM main.java.logs.QueryLog setLogger
INFO: In Query log
Aug 04, 2021 11:07:49 AM main.java.QueryClass getQueries
INFO: User Name: harit_patwa
Query: 11;
Aug 04, 2021 11:07:56 AM main.java.queries.SelectQuery showAllForCondition
INFO: User: harit_patwa Select statement running displaying table 
Aug 04, 2021 11:07:56 AM main.java.queries.SelectQuery showAllForCondition
INFO: Database status at the start of SELECT query: {employee=3}

Aug 04, 2021 11:07:56 AM main.java.queries.SelectQuery showAllForCondition
INFO: Database status at the end of SELECT query: {employee=3}

Aug 04, 2021 11:07:56 AM main.java.queries.SelectQuery showAllForCondition
INFO: User: harit_patwa
At the end of add for SELECT query
Execution Time of query: 6997600 nanoseconds
Aug 04, 2021 11:07:56 AM main.java.logs.QueryLog setLogger
INFO: In Query log
Aug 04, 2021 11:07:56 AM main.java.QueryClass getQueries
INFO: User Name: harit_patwa
Query: select * from employee where empSalary<135;
Aug 04, 2021 11:12:51 AM main.java.logs.QueryLog setLogger
INFO: In Query log
Aug 04, 2021 11:12:51 AM main.java.QueryClass getQueries
INFO: User Name: harit_patwa
Query: use Database1;
Aug 04, 2021 11:13:06 AM main.java.queries.SelectQuery selectForAll
INFO: User: harit_patwa Select statement running displaying table 
Aug 04, 2021 11:13:06 AM main.java.queries.SelectQuery selectForAll
INFO: Database status at the start of SELECT query: {employee=3}

Aug 04, 2021 11:13:06 AM main.java.queries.SelectQuery selectForAll
INFO: Database status at the end of SELECT query: {employee=3}

Aug 04, 2021 11:13:06 AM main.java.queries.SelectQuery selectForAll
INFO: User: harit_patwa
At the end of add for SELECT query
Execution Time of query: 3906000 nanoseconds
Aug 04, 2021 11:13:06 AM main.java.logs.QueryLog setLogger
INFO: In Query log
Aug 04, 2021 11:13:06 AM main.java.QueryClass getQueries
INFO: User Name: harit_patwa
Query: select * from employee;
Aug 04, 2021 11:13:31 AM main.java.queries.SelectQuery showAllForCondition
INFO: User: harit_patwa Select statement running displaying table 
Aug 04, 2021 11:13:31 AM main.java.queries.SelectQuery showAllForCondition
INFO: Database status at the start of SELECT query: {employee=3}

Aug 04, 2021 11:13:31 AM main.java.queries.SelectQuery showAllForCondition
INFO: Database status at the end of SELECT query: {employee=3}

Aug 04, 2021 11:13:31 AM main.java.queries.SelectQuery showAllForCondition
INFO: User: harit_patwa
At the end of add for SELECT query
Execution Time of query: 5000100 nanoseconds
Aug 04, 2021 11:13:31 AM main.java.logs.QueryLog setLogger
INFO: In Query log
Aug 04, 2021 11:13:31 AM main.java.QueryClass getQueries
INFO: User Name: harit_patwa
Query: select * from employee where empName='Harit1';
Aug 04, 2021 11:13:50 AM main.java.queries.SelectQuery showForLimited
INFO: User: harit_patwa Select statement running displaying table 
Aug 04, 2021 11:13:50 AM main.java.queries.SelectQuery showForLimited
INFO: Database status at the start of SELECT query: {employee=3}

Aug 04, 2021 11:13:50 AM main.java.queries.SelectQuery showForLimited
INFO: Database status at the end of SELECT query: {employee=3}

Aug 04, 2021 11:13:50 AM main.java.queries.SelectQuery showForLimited
INFO: User: harit_patwa
At the end of add for SELECT query
Execution Time of query: 3999100 nanoseconds
Aug 04, 2021 11:13:50 AM main.java.logs.QueryLog setLogger
INFO: In Query log
Aug 04, 2021 11:13:50 AM main.java.QueryClass getQueries
INFO: User Name: harit_patwa
Query: select empName from employee;
Aug 04, 2021 11:14:08 AM main.java.queries.SelectQuery showForColumnsForCondition
INFO: User: harit_patwa Select statement running displaying table 
Aug 04, 2021 11:14:08 AM main.java.queries.SelectQuery showForColumnsForCondition
INFO: Database status at the start of SELECT query: {employee=3}

Aug 04, 2021 11:14:09 AM main.java.queries.SelectQuery showForColumnsForCondition
INFO: Database status at the end of SELECT query: {employee=3}

Aug 04, 2021 11:14:09 AM main.java.queries.SelectQuery showForColumnsForCondition
INFO: User: harit_patwa
At the end of add for SELECT query
Execution Time of query: 3236800 nanoseconds
Aug 04, 2021 11:14:09 AM main.java.logs.QueryLog setLogger
INFO: In Query log
Aug 04, 2021 11:14:09 AM main.java.QueryClass getQueries
INFO: User Name: harit_patwa
Query: select empName,empId from employee where empName='Dhruv';
Aug 04, 2021 11:14:34 AM main.java.queries.SelectQuery showAllForCondition
INFO: User: harit_patwa Select statement running displaying table 
Aug 04, 2021 11:14:34 AM main.java.queries.SelectQuery showAllForCondition
INFO: Database status at the start of SELECT query: {employee=3}

Aug 04, 2021 11:14:34 AM main.java.queries.SelectQuery showAllForCondition
INFO: Database status at the end of SELECT query: {employee=3}

Aug 04, 2021 11:14:34 AM main.java.queries.SelectQuery showAllForCondition
INFO: User: harit_patwa
At the end of add for SELECT query
Execution Time of query: 4001000 nanoseconds
Aug 04, 2021 11:14:34 AM main.java.logs.QueryLog setLogger
INFO: In Query log
Aug 04, 2021 11:14:34 AM main.java.QueryClass getQueries
INFO: User Name: harit_patwa
Query: select * from employee where empSalary<135;
Aug 04, 2021 11:31:36 AM main.java.logs.QueryLog setLogger
INFO: In Query log
Aug 04, 2021 11:31:36 AM main.java.QueryClass getQueries
INFO: User Name: harit_patwa
Query: use Database1;
Aug 04, 2021 11:31:51 AM main.java.queries.CreateQuery createTable
INFO: User: harit_patwa At the start of create table for create query
Aug 04, 2021 11:31:51 AM main.java.queries.CreateQuery createTable
INFO: Database status at the start of create query: {employee=3}

Aug 04, 2021 11:31:51 AM main.java.queries.CreateQuery createTable
INFO: Database status at the end of create query: {employee=3}

Aug 04, 2021 11:31:51 AM main.java.queries.CreateQuery createTable
INFO: User: harit_patwa
At the end of add for create query
Execution Time of query: 10329400 nanoseconds
Aug 04, 2021 11:31:51 AM main.java.logs.QueryLog setLogger
INFO: In Query log
Aug 04, 2021 11:31:51 AM main.java.QueryClass getQueries
INFO: User Name: harit_patwa
Query: CREATE TABLE employees (    empName varchar(255),    empAddress varchar(255),    empId varchar(255),    empSalary int,    empIsVaccinated boolean);
Aug 04, 2021 11:33:08 AM main.java.queries.InsertQuery insert
INFO: User: harit_patwa At the start of insert query
Aug 04, 2021 11:33:08 AM main.java.queries.InsertQuery insert
INFO: Database status at the start of insert query: {employee=3, employees=0}

Aug 04, 2021 11:33:08 AM main.java.logs.QueryLog setLogger
INFO: In Query log
Aug 04, 2021 11:33:08 AM main.java.QueryClass getQueries
INFO: User Name: harit_patwa
Query: INSERT INTO Customers (empName, empAddress, empId, empSalary, empIsVaccinated)VALUES ('Employee1', 'Address1', 'ep1', 131, true);
Aug 04, 2021 11:34:01 AM main.java.queries.InsertQuery insert
INFO: User: harit_patwa At the start of insert query
Aug 04, 2021 11:34:01 AM main.java.queries.InsertQuery insert
INFO: Database status at the start of insert query: {employee=3, employees=0}

Aug 04, 2021 11:34:01 AM main.java.queries.InsertQuery insert
INFO: Database status at the end of insert query: {employee=3, employees=0}

Aug 04, 2021 11:34:01 AM main.java.queries.InsertQuery insert
INFO: User: harit_patwa
At the end of add for insert query
Execution Time of query: 24999300 nanoseconds
Aug 04, 2021 11:34:01 AM main.java.logs.QueryLog setLogger
INFO: In Query log
Aug 04, 2021 11:34:01 AM main.java.QueryClass getQueries
INFO: User Name: harit_patwa
Query: INSERT INTO employees(empName, empAddress, empId, empSalary, empIsVaccinated)VALUES ('Employee1', 'Address1', 'ep1', 131, true);
Aug 04, 2021 11:34:49 AM main.java.queries.InsertQuery insert
INFO: User: harit_patwa At the start of insert query
Aug 04, 2021 11:34:49 AM main.java.queries.InsertQuery insert
INFO: Database status at the start of insert query: {employee=3, employees=5}

Aug 04, 2021 11:34:49 AM main.java.queries.InsertQuery insert
INFO: Database status at the end of insert query: {employee=3, employees=5}

Aug 04, 2021 11:34:49 AM main.java.queries.InsertQuery insert
INFO: User: harit_patwa
At the end of add for insert query
Execution Time of query: 17409500 nanoseconds
Aug 04, 2021 11:34:49 AM main.java.logs.QueryLog setLogger
INFO: In Query log
Aug 04, 2021 11:34:49 AM main.java.QueryClass getQueries
INFO: User Name: harit_patwa
Query: INSERT INTO employees(empName, empAddress, empId, empSalary, empIsVaccinated)VALUES ('Employee2', 'Address2', 'ep2', 132, true);
Aug 04, 2021 11:35:04 AM main.java.queries.InsertQuery insert
INFO: User: harit_patwa At the start of insert query
Aug 04, 2021 11:35:04 AM main.java.queries.InsertQuery insert
INFO: Database status at the start of insert query: {employee=3, employees=5}

Aug 04, 2021 11:35:04 AM main.java.queries.InsertQuery insert
INFO: Database status at the end of insert query: {employee=3, employees=5}

Aug 04, 2021 11:35:04 AM main.java.queries.InsertQuery insert
INFO: User: harit_patwa
At the end of add for insert query
Execution Time of query: 13997700 nanoseconds
Aug 04, 2021 11:35:04 AM main.java.logs.QueryLog setLogger
INFO: In Query log
Aug 04, 2021 11:35:04 AM main.java.QueryClass getQueries
INFO: User Name: harit_patwa
Query: INSERT INTO employees(empName, empAddress, empId, empSalary, empIsVaccinated)VALUES ('Employee3', 'Address3', 'ep3', 133, true);
Aug 04, 2021 11:38:24 AM main.java.queries.SelectQuery selectForAll
INFO: User: harit_patwa Select statement running displaying table 
Aug 04, 2021 11:38:24 AM main.java.queries.SelectQuery selectForAll
INFO: Database status at the start of SELECT query: {employee=3, employees=5}

Aug 04, 2021 11:38:24 AM main.java.queries.SelectQuery selectForAll
INFO: Database status at the end of SELECT query: {employee=3, employees=5}

Aug 04, 2021 11:38:24 AM main.java.queries.SelectQuery selectForAll
INFO: User: harit_patwa
At the end of add for SELECT query
Execution Time of query: 2481300 nanoseconds
Aug 04, 2021 11:38:24 AM main.java.logs.QueryLog setLogger
INFO: In Query log
Aug 04, 2021 11:38:24 AM main.java.QueryClass getQueries
INFO: User Name: harit_patwa
Query: select * from employees;
Aug 04, 2021 11:39:24 AM main.java.queries.SelectQuery showAllForCondition
INFO: User: harit_patwa Select statement running displaying table 
Aug 04, 2021 11:39:24 AM main.java.queries.SelectQuery showAllForCondition
INFO: Database status at the start of SELECT query: {employee=3, employees=5}

Aug 04, 2021 11:39:24 AM main.java.queries.SelectQuery showAllForCondition
INFO: Database status at the end of SELECT query: {employee=3, employees=5}

Aug 04, 2021 11:39:24 AM main.java.queries.SelectQuery showAllForCondition
INFO: User: harit_patwa
At the end of add for SELECT query
Execution Time of query: 2998700 nanoseconds
Aug 04, 2021 11:39:24 AM main.java.logs.QueryLog setLogger
INFO: In Query log
Aug 04, 2021 11:39:24 AM main.java.QueryClass getQueries
INFO: User Name: harit_patwa
Query: select * from employees where empName='Employee1';
Aug 04, 2021 11:42:29 AM main.java.queries.SelectQuery showForLimited
INFO: User: harit_patwa Select statement running displaying table 
Aug 04, 2021 11:42:29 AM main.java.queries.SelectQuery showForLimited
INFO: Database status at the start of SELECT query: {employee=3, employees=5}

Aug 04, 2021 11:42:29 AM main.java.queries.SelectQuery showForLimited
INFO: Database status at the end of SELECT query: {employee=3, employees=5}

Aug 04, 2021 11:42:29 AM main.java.queries.SelectQuery showForLimited
INFO: User: harit_patwa
At the end of add for SELECT query
Execution Time of query: 2359900 nanoseconds
Aug 04, 2021 11:42:29 AM main.java.logs.QueryLog setLogger
INFO: In Query log
Aug 04, 2021 11:42:29 AM main.java.QueryClass getQueries
INFO: User Name: harit_patwa
Query: select empName from employees;
Aug 04, 2021 11:42:55 AM main.java.logs.QueryLog setLogger
INFO: In Query log
Aug 04, 2021 11:42:55 AM main.java.QueryClass getQueries
INFO: User Name: harit_patwa
Query: 1;
Aug 04, 2021 11:42:59 AM main.java.queries.SelectQuery showForColumnsForCondition
INFO: User: harit_patwa Select statement running displaying table 
Aug 04, 2021 11:42:59 AM main.java.queries.SelectQuery showForColumnsForCondition
INFO: Database status at the start of SELECT query: {employee=3, employees=5}

Aug 04, 2021 11:42:59 AM main.java.queries.SelectQuery showForColumnsForCondition
INFO: Database status at the end of SELECT query: {employee=3, employees=5}

Aug 04, 2021 11:42:59 AM main.java.queries.SelectQuery showForColumnsForCondition
INFO: User: harit_patwa
At the end of add for SELECT query
Execution Time of query: 2840700 nanoseconds
Aug 04, 2021 11:42:59 AM main.java.logs.QueryLog setLogger
INFO: In Query log
Aug 04, 2021 11:42:59 AM main.java.QueryClass getQueries
INFO: User Name: harit_patwa
Query: select empName,empId from employee where empName='Employee1';
Aug 04, 2021 11:43:36 AM main.java.queries.SelectQuery showAllForCondition
INFO: User: harit_patwa Select statement running displaying table 
Aug 04, 2021 11:43:36 AM main.java.queries.SelectQuery showAllForCondition
INFO: Database status at the start of SELECT query: {employee=3, employees=5}

Aug 04, 2021 11:43:36 AM main.java.queries.SelectQuery showAllForCondition
INFO: Database status at the end of SELECT query: {employee=3, employees=5}

Aug 04, 2021 11:43:36 AM main.java.queries.SelectQuery showAllForCondition
INFO: User: harit_patwa
At the end of add for SELECT query
Execution Time of query: 2855300 nanoseconds
Aug 04, 2021 11:43:36 AM main.java.logs.QueryLog setLogger
INFO: In Query log
Aug 04, 2021 11:43:36 AM main.java.QueryClass getQueries
INFO: User Name: harit_patwa
Query: select * from employee where empSalary<133;
Aug 04, 2021 11:44:07 AM main.java.queries.SelectQuery showAllForCondition
INFO: User: harit_patwa Select statement running displaying table 
Aug 04, 2021 11:44:07 AM main.java.queries.SelectQuery showAllForCondition
INFO: Database status at the start of SELECT query: {employee=3, employees=5}

Aug 04, 2021 11:44:07 AM main.java.queries.SelectQuery showAllForCondition
INFO: Database status at the end of SELECT query: {employee=3, employees=5}

Aug 04, 2021 11:44:07 AM main.java.queries.SelectQuery showAllForCondition
INFO: User: harit_patwa
At the end of add for SELECT query
Execution Time of query: 3011700 nanoseconds
Aug 04, 2021 11:44:07 AM main.java.logs.QueryLog setLogger
INFO: In Query log
Aug 04, 2021 11:44:07 AM main.java.QueryClass getQueries
INFO: User Name: harit_patwa
Query: select * from employees where empSalary<133;
Aug 04, 2021 11:44:37 AM main.java.logs.QueryLog setLogger
INFO: In Query log
Aug 04, 2021 11:44:37 AM main.java.QueryClass getQueries
INFO: User Name: harit_patwa
Query: 1;
Aug 04, 2021 11:44:43 AM main.java.queries.SelectQuery showForColumnsForCondition
INFO: User: harit_patwa Select statement running displaying table 
Aug 04, 2021 11:44:43 AM main.java.queries.SelectQuery showForColumnsForCondition
INFO: Database status at the start of SELECT query: {employee=3, employees=5}

Aug 04, 2021 11:44:43 AM main.java.queries.SelectQuery showForColumnsForCondition
INFO: Database status at the end of SELECT query: {employee=3, employees=5}

Aug 04, 2021 11:44:43 AM main.java.queries.SelectQuery showForColumnsForCondition
INFO: User: harit_patwa
At the end of add for SELECT query
Execution Time of query: 1990600 nanoseconds
Aug 04, 2021 11:44:43 AM main.java.logs.QueryLog setLogger
INFO: In Query log
Aug 04, 2021 11:44:43 AM main.java.QueryClass getQueries
INFO: User Name: harit_patwa
Query: select empName,empId from employee where empName='Employee1';
Aug 04, 2021 11:45:39 AM main.java.queries.SelectQuery showForLimited
INFO: User: harit_patwa Select statement running displaying table 
Aug 04, 2021 11:45:39 AM main.java.queries.SelectQuery showForLimited
INFO: Database status at the start of SELECT query: {employee=3, employees=5}

Aug 04, 2021 11:45:39 AM main.java.queries.SelectQuery showForLimited
INFO: Database status at the end of SELECT query: {employee=3, employees=5}

Aug 04, 2021 11:45:39 AM main.java.queries.SelectQuery showForLimited
INFO: User: harit_patwa
At the end of add for SELECT query
Execution Time of query: 2000000 nanoseconds
Aug 04, 2021 11:45:39 AM main.java.logs.QueryLog setLogger
INFO: In Query log
Aug 04, 2021 11:45:39 AM main.java.QueryClass getQueries
INFO: User Name: harit_patwa
Query: select empName from employees;
Aug 04, 2021 11:46:25 AM main.java.logs.QueryLog setLogger
INFO: In Query log
Aug 04, 2021 11:46:25 AM main.java.QueryClass getQueries
INFO: User Name: harit_patwa
Query: select * from employees where empName=''Employee1'';
Aug 04, 2021 11:46:42 AM main.java.logs.QueryLog setLogger
INFO: In Query log
Aug 04, 2021 11:46:42 AM main.java.QueryClass getQueries
INFO: User Name: harit_patwa
Query: select * from employees where empName=''Employee1'';
Aug 04, 2021 11:50:42 AM main.java.logs.QueryLog setLogger
INFO: In Query log
Aug 04, 2021 11:50:42 AM main.java.QueryClass getQueries
INFO: User Name: harit_patwa
Query: use Database1;
Aug 04, 2021 11:51:07 AM main.java.queries.SelectQuery showAllForCondition
INFO: User: harit_patwa Select statement running displaying table 
Aug 04, 2021 11:51:07 AM main.java.queries.SelectQuery showAllForCondition
INFO: Database status at the start of SELECT query: {employee=3, employees=5}

Aug 04, 2021 11:51:07 AM main.java.queries.SelectQuery showAllForCondition
INFO: Database status at the end of SELECT query: {employee=3, employees=5}

Aug 04, 2021 11:51:07 AM main.java.queries.SelectQuery showAllForCondition
INFO: User: harit_patwa
At the end of add for SELECT query
Execution Time of query: 3981800 nanoseconds
Aug 04, 2021 11:51:07 AM main.java.logs.QueryLog setLogger
INFO: In Query log
Aug 04, 2021 11:51:07 AM main.java.QueryClass getQueries
INFO: User Name: harit_patwa
Query: select * from employees where empName='Employee1';
Aug 04, 2021 11:51:34 AM main.java.queries.SelectQuery showForColumnsForCondition
INFO: User: harit_patwa Select statement running displaying table 
Aug 04, 2021 11:51:34 AM main.java.queries.SelectQuery showForColumnsForCondition
INFO: Database status at the start of SELECT query: {employee=3, employees=5}

Aug 04, 2021 11:51:34 AM main.java.queries.SelectQuery showForColumnsForCondition
INFO: Database status at the end of SELECT query: {employee=3, employees=5}

Aug 04, 2021 11:51:34 AM main.java.queries.SelectQuery showForColumnsForCondition
INFO: User: harit_patwa
At the end of add for SELECT query
Execution Time of query: 3001600 nanoseconds
Aug 04, 2021 11:51:34 AM main.java.logs.QueryLog setLogger
INFO: In Query log
Aug 04, 2021 11:51:34 AM main.java.QueryClass getQueries
INFO: User Name: harit_patwa
Query: select empName,empId from employee where empName='Employee1';
Aug 04, 2021 11:52:09 AM main.java.queries.SelectQuery showForColumnsForCondition
INFO: User: harit_patwa Select statement running displaying table 
Aug 04, 2021 11:52:09 AM main.java.queries.SelectQuery showForColumnsForCondition
INFO: Database status at the start of SELECT query: {employee=3, employees=5}

Aug 04, 2021 11:52:09 AM main.java.queries.SelectQuery showForColumnsForCondition
INFO: Database status at the end of SELECT query: {employee=3, employees=5}

Aug 04, 2021 11:52:09 AM main.java.queries.SelectQuery showForColumnsForCondition
INFO: User: harit_patwa
At the end of add for SELECT query
Execution Time of query: 3032800 nanoseconds
Aug 04, 2021 11:52:09 AM main.java.logs.QueryLog setLogger
INFO: In Query log
Aug 04, 2021 11:52:09 AM main.java.QueryClass getQueries
INFO: User Name: harit_patwa
Query: select empName,empId from employees where empName='Employee1';
Aug 04, 2021 11:54:04 AM main.java.logs.QueryLog setLogger
INFO: In Query log
Aug 04, 2021 11:54:04 AM main.java.QueryClass getQueries
INFO: User Name: harit_patwa
Query: use Database1;
Aug 04, 2021 11:54:22 AM main.java.queries.UpdateQuery update
INFO: User: harit_patwa Updating the columns for given condition
Aug 04, 2021 11:54:22 AM main.java.queries.UpdateQuery update
INFO: Database status at the start of update query: {employee=3, employees=5}

Aug 04, 2021 11:54:22 AM main.java.queries.UpdateQuery update
INFO: Database status at the end of update query: {employee=3, employees=5}

Aug 04, 2021 11:54:22 AM main.java.queries.UpdateQuery update
INFO: User: harit_patwa
At the end of add for update query
Execution Time of query: 9001200 nanoseconds
Aug 04, 2021 11:54:22 AM main.java.logs.QueryLog setLogger
INFO: In Query log
Aug 04, 2021 11:54:22 AM main.java.QueryClass getQueries
INFO: User Name: harit_patwa
Query: update employees set empName='Harit1' where empName='Employee1';
Aug 04, 2021 11:54:39 AM main.java.queries.SelectQuery selectForAll
INFO: User: harit_patwa Select statement running displaying table 
Aug 04, 2021 11:54:39 AM main.java.queries.SelectQuery selectForAll
INFO: Database status at the start of SELECT query: {employee=3, employees=5}

Aug 04, 2021 11:54:39 AM main.java.queries.SelectQuery selectForAll
INFO: Database status at the end of SELECT query: {employee=3, employees=5}

Aug 04, 2021 11:54:39 AM main.java.queries.SelectQuery selectForAll
INFO: User: harit_patwa
At the end of add for SELECT query
Execution Time of query: 4000600 nanoseconds
Aug 04, 2021 11:54:39 AM main.java.logs.QueryLog setLogger
INFO: In Query log
Aug 04, 2021 11:54:39 AM main.java.QueryClass getQueries
INFO: User Name: harit_patwa
Query: select * from employees;
